<tasks
    xmlns:xsi="http://www.w3.org/2001/XMLSchema-instance"
    xmlns:text="http://openoffice.org/2000/text"
    xmlns:table="http://openoffice.org/2000/table"
    xmlns:table2="urn:oasis:names:tc:opendocument:xmlns:table:1.0"
    xmlns:office="urn:oasis:names:tc:opendocument:xmlns:office:1.0"
    >
  <milestone>
    <name>Milestone 1</name>
    <type/>
    <timming>
      <date>2025-09-12</date>
      <advance>100</advance>
    </timming>
    <description/>
  </milestone>

  <milestone>
    <name>Milestone 2</name>
    <type/>
    <timming>
      <date>2025-11-20</date>
      <advance>100</advance>
    </timming>
    <description/>
  </milestone>

  <task-list>
  <task>
    <id>10</id>
    <ref>10-PLANNING</ref>
    <name>PLANNING</name>
    <type/>
    <timming>
      <optimist>0</optimist>
      <expected>0</expected>
      <pesimist>0</pesimist>
      <average>0</average>
      <var>0</var>
      <oficial>0</oficial>
      <actualTime/>
      <advance>100</advance>
      <initDate>2025-07-10</initDate>
      <endDate>2025-09-20</endDate>
    </timming>
    <externalReference>0</externalReference>
    <description/>
  </task>
  <task>
    <id>11</id>
    <ref>11-Planning</ref>
    <name>Planning</name>
    <type/>
    <timming>
      <optimist>10</optimist>
      <expected>16</expected>
      <pesimist>30</pesimist>
      <average>17.333333333333332</average>
      <var>800</var>
      <oficial>17</oficial>
      <actualTime/>
      <advance>100</advance>
      <initDate>2025-09-10</initDate>
      <endDate>2025-09-12</endDate>
    </timming>
    <externalReference>17,33333333</externalReference>
    <description/>
    <super>
      <reference>10-PLANNING</reference>
      <id>10</id>
    </super>
  </task>
  <task>
    <id>12</id>
    <ref>12-Kick Off</ref>
    <name>Kick Off</name>
    <type/>
    <timming>
      <optimist>1</optimist>
      <expected>3</expected>
      <pesimist>6</pesimist>
      <average>3.1666666666666665</average>
      <var>24.5</var>
      <oficial>3</oficial>
      <actualTime/>
      <advance>100</advance>
      <initDate>2025-09-13</initDate>
      <endDate>2025-09-24</endDate>
    </timming>
    <externalReference>3,166666667</externalReference>
    <description/>
    <super>
      <reference>10-PLANNING</reference>
      <id>10</id>
    </super>
  </task>
  <task>
    <id>13</id>
    <ref>13-Seguimiento </ref>
    <name>Seguimiento</name>
    <type/>
    <timming>
      <optimist>20</optimist>
      <expected>40</expected>
      <pesimist>60</pesimist>
      <average>40</average>
      <var>3200</var>
      <oficial>40</oficial>
      <actualTime/>
      <advance>60</advance>
      <initDate>2025-09-10</initDate>
      <endDate>2025-12-30</endDate>

    </timming>
    <externalReference>24</externalReference>
    <description/>
    <super>
      <reference>10-PLANNING</reference>
      <id>10</id>
    </super>
  </task>
  <task>
    <id>14</id>
    <ref>14-Control</ref>
    <name>Control</name>
    <type/>
    <timming>
      <optimist>15</optimist>
      <expected>30</expected>
      <pesimist>50</pesimist>
      <average>30.833333333333332</average>
      <var>2112.5</var>
      <oficial>30</oficial>
      <actualTime/>
      <advance>60</advance>
      <initDate>2025-09-10</initDate>
      <endDate>2025-12-30</endDate>
    </timming>
    <externalReference>18,5</externalReference>
    <description/>
    <super>
      <reference>10-PLANNING</reference>
      <id>10</id>
    </super>
  </task>
  <task>
    <id>15</id>
    <ref>15-Reporting</ref>
    <name>Reporting</name>
    <type/>
    <timming>
      <optimist>40</optimist>
      <expected>60</expected>
      <pesimist>80</pesimist>
      <average>60</average>
      <var>7200</var>
      <oficial>60</oficial>
      <actualTime/>
      <advance>60</advance>
      <initDate>2025-09-10</initDate>
      <endDate>2025-12-30</endDate>

    </timming>
    <externalReference>36</externalReference>
    <description/>
    <super>
      <reference>10-PLANNING</reference>
      <id>10</id>
    </super>
  </task>
  <task>
    <id>19</id>
    <ref>19-PLANNING END</ref>
    <name>PLANNING END</name>
    <type>Fin Grupo Tareas</type>
    <timming>
      <optimist>0</optimist>
      <expected>0</expected>
      <pesimist>0</pesimist>
      <average>0</average>
      <var>0</var>
      <oficial>0</oficial>
      <actualTime/>
      <advance>0</advance>
      <initDate/>
      <endDate/>
    </timming>
    <externalReference>0</externalReference>
    <description/>
    <super>
      <reference>10-PLANNING</reference>
      <id>10</id>
    </super>
  </task>
  <task>
    <id>40</id>
    <ref>40-ANALISIS</ref>
    <name>ANALISIS</name>
    <type/>
    <timming>
      <optimist>0</optimist>
      <expected>0</expected>
      <pesimist>0</pesimist>
      <average>0</average>
      <var>0</var>
      <oficial>0</oficial>
      <actualTime/>
      <advance>100</advance>
      <initDate>2025-09-10</initDate>
      <endDate>2025-09-15</endDate>
    </timming>
    <externalReference>0</externalReference>
    <description/>
  </task>
  <task>
    <id>41</id>
    <ref>41-Revisión funcional</ref>
    <name>Revisión funcional</name>
    <type/>
    <timming>
  <optimist>60</optimist>
  <expected>80</expected>
  <pesimist>100</pesimist>
  <average>80</average>
  <var>12800</var>
  <oficial>80</oficial>
  <actualTime/>
  <advance>90</advance>
  <initDate>2025-09-30</initDate>
  <endDate>2025-10-03</endDate>

      
  <initDate/>
  <endDate/>
    </timming>
    <externalReference>72</externalReference>
    <description/>
    <super>
      <reference>40-ANALISIS</reference>
      <id>40</id>
    </super>
  </task>
  <task>
    <id>42</id>
    <ref>42-Datos Definidos</ref>
    <name>Datos Definidos</name>
    <type/>
    <timming>
      <optimist>6</optimist>
      <expected>12</expected>
      <pesimist>20</pesimist>
      <average>12.333333333333334</average>
      <var>338</var>
      <oficial>12</oficial>
      <actualTime/>
      <advance>80</advance>
      <initDate/>
      <endDate/>
    </timming>
    <externalReference>9,866666667</externalReference>
    <description/>
    <super>
      <reference>40-ANALISIS</reference>
      <id>40</id>
    </super>
  </task>
  <task>
    <id>43</id>
    <ref>43-Datos Pendientes Definir</ref>
    <name>Datos Pendientes Definir</name>
    <type/>
    <timming>
      <optimist>6</optimist>
      <expected>12</expected>
      <pesimist>20</pesimist>
      <average>12.333333333333334</average>
      <var>338</var>
      <oficial>12</oficial>
      <actualTime/>
      <advance>80</advance>
  <initDate>2026-03-30</initDate>
  <endDate>2026-08-03</endDate>
    </timming>
    <externalReference>9,866666667</externalReference>
    <description/>
    <super>
      <reference>40-ANALISIS</reference>
      <id>40</id>
    </super>
  </task>
  <task>
    <id>49</id>
    <ref>49-FIN ANALISIS</ref>
    <name>FIN ANALISIS</name>
    <type>Fin Grupo de Tareas Logico</type>
    <timming>
      <optimist>0</optimist>
      <expected>0</expected>
      <pesimist>0</pesimist>
      <average>0</average>
      <var>0</var>
      <oficial>0</oficial>
      <actualTime/>
      <advance/>
      <initDate/>
      <endDate/>
    </timming>
    <externalReference>0</externalReference>
    <description/>
    <super>
      <reference>40-ANALISIS</reference>
      <id>40</id>
    </super>
  </task>
  <task>
    <id>60</id>
    <ref>60-INFRAESTRUCTURA</ref>
    <name>INFRAESTRUCTURA</name>
    <type/>
    <timming>
      <optimist>0</optimist>
      <expected>0</expected>
      <pesimist>0</pesimist>
      <average>0</average>
      <var>0</var>
      <oficial>0</oficial>
      <actualTime/>
      <advance>100</advance>
      <initDate>2025-12-13</initDate>
      <endDate>2026-02-24</endDate>
    </timming>
    <externalReference>0</externalReference>
    <description/>
  </task>
  <task>
    <id>61</id>
    <ref>61-Equipo</ref>
    <name>Equipo</name>
    <type/>
    <timming>
      <optimist>8</optimist>
      <expected>10</expected>
      <pesimist>16</pesimist>
      <average>10.666666666666666</average>
      <var>288</var>
      <oficial>10</oficial>
      <actualTime/>
      <advance>100</advance>
      <initDate>2025-12-13</initDate>
      <endDate>2026-02-24</endDate>
    </timming>
    <externalReference>10,66666667</externalReference>
    <description/>
    <super>
      <reference>60-INFRAESTRUCTURA</reference>
      <id>60</id>
    </super>
  </task>
  <task>
    <id>62</id>
    <ref>62-Permisos</ref>
    <name>Permisos</name>
    <type/>
    <timming>
      <optimist>4</optimist>
      <expected>6</expected>
      <pesimist>12</pesimist>
      <average>6.666666666666667</average>
      <var>128</var>
      <oficial>6</oficial>
      <actualTime/>
      <advance>100</advance>
      <initDate/>
      <endDate/>
    </timming>
    <externalReference>6,666666667</externalReference>
    <description/>
    <super>
      <reference>60-INFRAESTRUCTURA</reference>
      <id>60</id>
    </super>
  </task>
  <task>
    <id>63</id>
    <ref>63-Formaciones</ref>
    <name>Formaciones</name>
    <type/>
    <timming>
      <optimist>150</optimist>
      <expected>200</expected>
      <pesimist>260</pesimist>
      <average>201.66666666666666</average>
      <var>84050</var>
      <oficial>201</oficial>
      <actualTime/>
      <advance>100</advance>
      <initDate/>
      <endDate/>
    </timming>
    <externalReference>201,6666667</externalReference>
    <description/>
    <super>
      <reference>60-INFRAESTRUCTURA</reference>
      <id>60</id>
    </super>
  </task>
  <task>
    <id>64</id>
    <ref>64-Comunicación</ref>
    <name>Comunicación</name>
    <type/>
    <timming>
      <optimist>60</optimist>
      <expected>80</expected>
      <pesimist>110</pesimist>
      <average>81.666666666666671</average>
      <var>14450</var>
      <oficial>81</oficial>
      <actualTime/>
      <advance>80</advance>
      <initDate/>
      <endDate/>
    </timming>
    <externalReference>65,33333333</externalReference>
    <description/>
    <super>
      <reference>60-INFRAESTRUCTURA</reference>
      <id>60</id>
    </super>
  </task>
  <task>
    <id>65</id>
    <ref>65-Seguimiento</ref>
    <name>Seguimiento</name>
    <type/>
    <timming>
      <optimist>60</optimist>
      <expected>80</expected>
      <pesimist>110</pesimist>
      <average>81.666666666666671</average>
      <var>14450</var>
      <oficial>81</oficial>
      <actualTime/>
      <advance>80</advance>
      <initDate/>
      <endDate/>
    </timming>
    <externalReference>65,33333333</externalReference>
    <description/>
    <super>
      <reference>60-INFRAESTRUCTURA</reference>
      <id>60</id>
    </super>
  </task>
  <task>
    <id>66</id>
    <ref>66-Reporting</ref>
    <name>Reporting</name>
    <type/>
    <timming>
      <optimist>40</optimist>
      <expected>60</expected>
      <pesimist>80</pesimist>
      <average>60</average>
      <var>7200</var>
      <oficial>60</oficial>
      <actualTime/>
      <advance>80</advance>
      <initDate/>
      <endDate/>
    </timming>
    <externalReference>48</externalReference>
    <description/>
    <super>
      <reference>60-INFRAESTRUCTURA</reference>
      <id>60</id>
    </super>
  </task>
  <task>
    <id>69</id>
    <ref>69-FIN INFRAESTRUCTURA</ref>
    <name>FIN INFRAESTRUCTURA</name>
    <type>Fin Grupo de Tareas Logico</type>
    <timming>
      <optimist>0</optimist>
      <expected>0</expected>
      <pesimist>0</pesimist>
      <average>0</average>
      <var>0</var>
      <oficial>0</oficial>
      <actualTime/>
      <advance/>
      <initDate/>
      <endDate/>
    </timming>
    <externalReference>0</externalReference>
    <description/>
    <super>
      <reference>60-INFRAESTRUCTURA</reference>
      <id>60</id>
    </super>
  </task>
  <task>
    <id>70</id>
    <ref>70-MOTOR</ref>
    <name>MOTOR</name>
    <type/>
    <timming>
      <optimist>0</optimist>
      <expected>0</expected>
      <pesimist>0</pesimist>
      <average>0</average>
      <var>0</var>
      <oficial>0</oficial>
      <actualTime/>
      <advance>100</advance>
      <initDate/>
      <endDate/>
    </timming>
    <externalReference>0</externalReference>
    <description/>
  </task>
  <task>
    <id>71</id>
    <ref>71-Infraestructura</ref>
    <name>Infraestructura</name>
    <type/>
    <timming>
      <optimist>2</optimist>
      <expected>8</expected>
      <pesimist>24</pesimist>
      <average>9.6666666666666661</average>
      <var>338</var>
      <oficial>9</oficial>
      <actualTime/>
      <advance>100</advance>
      <initDate/>
      <endDate/>
    </timming>
    <externalReference>9,666666667</externalReference>
    <description/>
    <super>
      <reference>70-MOTOR</reference>
      <id>70</id>
    </super>
  </task>
  <task>
    <id>72</id>
    <ref>72-Mantenimiento del E-R</ref>
    <name>Mantenimiento del E-R</name>
    <type/>
    <timming>
      <optimist>6</optimist>
      <expected>12</expected>
      <pesimist>20</pesimist>
      <average>12.333333333333334</average>
      <var>338</var>
      <oficial>12</oficial>
      <actualTime/>
      <advance>100</advance>
      <initDate/>
      <endDate/>
    </timming>
    <externalReference>12,33333333</externalReference>
    <description/>
    <super>
      <reference>70-MOTOR</reference>
      <id>70</id>
    </super>
  </task>
  <task>
    <id>73</id>
    <ref>73-Diseño de la solución</ref>
    <name>Diseño de la solución</name>
    <type/>
    <timming>
      <optimist>4</optimist>
      <expected>8</expected>
      <pesimist>15</pesimist>
      <average>8.5</average>
      <var>180.5</var>
      <oficial>8</oficial>
      <actualTime/>
      <advance>100</advance>
      <initDate/>
      <endDate/>
    </timming>
    <externalReference>30</externalReference>
    <description/>
    <super>
      <reference>70-MOTOR</reference>
      <id>70</id>
    </super>
  </task>
  <task>
    <id>74</id>
    <ref>74-Mapeo de Perjudicados</ref>
    <name>Mapeo de Perjudicados</name>
    <type/>
    <timming>
      <optimist>0</optimist>
      <expected>0</expected>
      <pesimist>0</pesimist>
      <average>0</average>
      <var>0</var>
      <oficial>0</oficial>
      <actualTime/>
      <advance>100</advance>
      <initDate/>
      <endDate/>
    </timming>
    <externalReference>0</externalReference>
    <description/>
    <super>
      <reference>70-MOTOR</reference>
      <id>70</id>
    </super>
  </task>
  <task>
    <id>75</id>
    <ref>75-Mapeo de Textos Largos</ref>
    <name>Mapeo de Textos Largos</name>
    <type/>
    <timming>
      <optimist>0</optimist>
      <expected>0</expected>
      <pesimist>0</pesimist>
      <average>0</average>
      <var>0</var>
      <oficial>0</oficial>
      <actualTime/>
      <advance>100</advance>
      <initDate/>
      <endDate/>
    </timming>
    <externalReference>0</externalReference>
    <description/>
    <super>
      <reference>70-MOTOR</reference>
      <id>70</id>
    </super>
  </task>
  <task>
    <id>76</id>
    <ref>76-Construccón</ref>
    <name>Construccón</name>
    <type/>
    <timming>
      <optimist>20</optimist>
      <expected>30</expected>
      <pesimist>40</pesimist>
      <average>30</average>
      <var>1800</var>
      <oficial>30</oficial>
      <actualTime/>
      <advance/>
      <initDate/>
      <endDate/>
    </timming>
    <externalReference>0</externalReference>
    <description/>
    <super>
      <reference>70-MOTOR</reference>
      <id>70</id>
    </super>
  </task>
  <task>
    <id>77</id>
    <ref>77-Búsqueda Unificada</ref>
    <name>Búsqueda Unificada</name>
    <type/>
    <timming>
      <optimist>2</optimist>
      <expected>4</expected>
      <pesimist>20</pesimist>
      <average>6.333333333333333</average>
      <var>242</var>
      <oficial>6</oficial>
      <actualTime/>
      <advance>80</advance>
      <initDate/>
      <endDate/>
    </timming>
    <externalReference>5,066666667</externalReference>
    <description/>
    <super>
      <reference>70-MOTOR</reference>
      <id>70</id>
    </super>
  </task>
  <task>
    <id>78</id>
    <ref>78-Pruebas unitarias</ref>
    <name>Pruebas unitarias</name>
    <type/>
    <timming>
      <optimist>6</optimist>
      <expected>12</expected>
      <pesimist>15</pesimist>
      <average>11.5</average>
      <var>220.5</var>
      <oficial>11</oficial>
      <actualTime/>
      <advance>0</advance>
      <initDate/>
      <endDate/>
    </timming>
    <externalReference>0</externalReference>
    <description/>
    <super>
      <reference>70-MOTOR</reference>
      <id>70</id>
    </super>
  </task>
  <task>
    <id>79</id>
    <ref>79-Entrega</ref>
    <name>Entrega</name>
    <type/>
    <timming>
      <optimist>1</optimist>
      <expected>3</expected>
      <pesimist>5</pesimist>
      <average>3</average>
      <var>18</var>
      <oficial>3</oficial>
      <actualTime/>
      <advance/>
      <initDate/>
      <endDate/>
    </timming>
    <externalReference>0</externalReference>
    <description/>
    <super>
      <reference>70-MOTOR</reference>
      <id>70</id>
    </super>
  </task>
  <task>
    <id>89</id>
    <ref>89-FIN MOTOR</ref>
    <name>FIN MOTOR</name>
    <type/>
    <timming>
      <optimist>0</optimist>
      <expected>0</expected>
      <pesimist>0</pesimist>
      <average>0</average>
      <var>0</var>
      <oficial>0</oficial>
      <actualTime/>
      <advance/>
      <initDate/>
      <endDate/>
    </timming>
    <externalReference>0</externalReference>
    <description/>
    <super>
      <reference>70-MOTOR</reference>
      <id>70</id>
    </super>
  </task>
  <task>
    <id>100</id>
    <ref>100-BUSQUEDA</ref>
    <name>BUSQUEDA</name>
    <type/>
    <timming>
      <optimist>0</optimist>
      <expected>0</expected>
      <pesimist>0</pesimist>
      <average>0</average>
      <var>0</var>
      <oficial>0</oficial>
      <actualTime/>
      <advance>100</advance>
      <initDate/>
      <endDate/>
    </timming>
    <externalReference>0</externalReference>
    <description/>
  </task>
  <task>
    <id>101</id>
    <ref>101-Filtro Básico</ref>
    <name>Filtro Básico</name>
    <type/>
    <timming>
      <optimist>2</optimist>
      <expected>2</expected>
      <pesimist>4</pesimist>
      <average>2.3333333333333335</average>
      <var>18</var>
      <oficial>2</oficial>
      <actualTime/>
      <advance>100</advance>
      <initDate/>
      <endDate/>
    </timming>
    <externalReference>2,333333333</externalReference>
    <description/>
    <super>
      <reference>100-BUSQUEDA</reference>
      <id>100</id>
    </super>
  </task>
  <task>
    <id>102</id>
    <ref>102-Cambio de filtros</ref>
    <name>Cambio de filtros</name>
    <type/>
    <timming>
      <optimist>1</optimist>
      <expected>2</expected>
      <pesimist>2</pesimist>
      <average>1.8333333333333333</average>
      <var>4.5</var>
      <oficial>1</oficial>
      <actualTime/>
      <advance>100</advance>
      <initDate/>
      <endDate/>
    </timming>
    <externalReference>1,833333333</externalReference>
    <description/>
    <super>
      <reference>100-BUSQUEDA</reference>
      <id>100</id>
    </super>
  </task>
  <task>
    <id>104</id>
    <ref>104-FB  Filtros No Únicos</ref>
    <name>FB Filtros No Únicos</name>
    <type/>
    <timming>
      <optimist>1</optimist>
      <expected>2</expected>
      <pesimist>4</pesimist>
      <average>2.1666666666666665</average>
      <var>12.5</var>
      <oficial>2</oficial>
      <actualTime/>
      <advance>50</advance>
      <initDate/>
      <endDate/>
    </timming>
    <externalReference>1,083333333</externalReference>
    <description/>
    <super>
      <reference>100-BUSQUEDA</reference>
      <id>100</id>
    </super>
  </task>
  <task>
    <id>105</id>
    <ref>105-FB Lista de Resultados</ref>
    <name>FB Lista de Resultados</name>
    <type/>
    <timming>
      <optimist>1</optimist>
      <expected>2</expected>
      <pesimist>4</pesimist>
      <average>2.1666666666666665</average>
      <var>12.5</var>
      <oficial>2</oficial>
      <actualTime/>
      <advance>70</advance>
      <initDate/>
      <endDate/>
    </timming>
    <externalReference>1,516666667</externalReference>
    <description/>
    <super>
      <reference>100-BUSQUEDA</reference>
      <id>100</id>
    </super>
  </task>
  <task>
    <id>106</id>
    <ref>106-Cambios Filtros</ref>
    <name>Cambios Filtros</name>
    <type/>
    <timming>
      <optimist>1</optimist>
      <expected>2</expected>
      <pesimist>4</pesimist>
      <average>2.1666666666666665</average>
      <var>12.5</var>
      <oficial>2</oficial>
      <actualTime/>
      <advance>100</advance>
      <initDate/>
      <endDate/>
    </timming>
    <externalReference>2,166666667</externalReference>
    <description/>
    <super>
      <reference>100-BUSQUEDA</reference>
      <id>100</id>
    </super>
  </task>
  <task>
    <id>107</id>
    <ref>107-Filtro Avanzado</ref>
    <name>Filtro Avanzado</name>
    <type/>
    <timming>
      <optimist>3</optimist>
      <expected>4</expected>
      <pesimist>5</pesimist>
      <average>4</average>
      <var>32</var>
      <oficial>4</oficial>
      <actualTime/>
      <advance>90</advance>
      <initDate/>
      <endDate/>
    </timming>
    <externalReference>3,6</externalReference>
    <description/>
    <super>
      <reference>100-BUSQUEDA</reference>
      <id>100</id>
    </super>
  </task>
  <task>
    <id>108</id>
    <ref>108-Ordenación</ref>
    <name>Ordenación</name>
    <type/>
    <timming>
      <optimist>0.5</optimist>
      <expected>1</expected>
      <pesimist>4</pesimist>
      <average>1.4166666666666667</average>
      <var>10.125</var>
      <oficial>1</oficial>
      <actualTime/>
      <advance>100</advance>
      <initDate/>
      <endDate/>
    </timming>
    <externalReference>1,416666667</externalReference>
    <description/>
    <super>
      <reference>100-BUSQUEDA</reference>
      <id>100</id>
    </super>
  </task>
  <task>
    <id>109</id>
    <ref>109-FA Filtros No Únicos</ref>
    <name>FA Filtros No Únicos</name>
    <type/>
    <timming>
      <optimist>1</optimist>
      <expected>2</expected>
      <pesimist>4</pesimist>
      <average>2.1666666666666665</average>
      <var>12.5</var>
      <oficial>2</oficial>
      <actualTime/>
      <advance>66</advance>
      <initDate/>
      <endDate/>
    </timming>
    <externalReference>1,43</externalReference>
    <description/>
    <super>
      <reference>100-BUSQUEDA</reference>
      <id>100</id>
    </super>
  </task>
  <task>
    <id>110</id>
    <ref>110-Prebúsqueda de Persona</ref>
    <name>Prebúsqueda de Persona</name>
    <type/>
    <timming>
      <optimist>3</optimist>
      <expected>4</expected>
      <pesimist>5</pesimist>
      <average>4</average>
      <var>32</var>
      <oficial>4</oficial>
      <actualTime/>
      <advance>90</advance>
      <initDate/>
      <endDate/>
    </timming>
    <externalReference>3,6</externalReference>
    <description/>
    <super>
      <reference>100-BUSQUEDA</reference>
      <id>100</id>
    </super>
  </task>
  <task>
    <id>111</id>
    <ref>111-Filtro adicional avanzado</ref>
    <name>Filtro adicional avanzado</name>
    <type/>
    <timming>
      <optimist>3</optimist>
      <expected>4</expected>
      <pesimist>5</pesimist>
      <average>4</average>
      <var>32</var>
      <oficial>4</oficial>
      <actualTime/>
      <advance>80</advance>
      <initDate/>
      <endDate/>
    </timming>
    <externalReference>3,2</externalReference>
    <description/>
    <super>
      <reference>100-BUSQUEDA</reference>
      <id>100</id>
    </super>
  </task>
  <task>
    <id>112</id>
    <ref>112-Acentos Mayusculas</ref>
    <name>Acentos Mayusculas</name>
    <type/>
    <timming>
      <optimist>1</optimist>
      <expected>2</expected>
      <pesimist>4</pesimist>
      <average>2.1666666666666665</average>
      <var>12.5</var>
      <oficial>2</oficial>
      <actualTime/>
      <advance>100</advance>
      <initDate/>
      <endDate/>
    </timming>
    <externalReference>2,166666667</externalReference>
    <description/>
    <super>
      <reference>100-BUSQUEDA</reference>
      <id>100</id>
    </super>
  </task>
  <task>
    <id>113</id>
    <ref>113-Paginación</ref>
    <name>Paginación</name>
    <type/>
    <timming>
      <optimist>0.5</optimist>
      <expected>1</expected>
      <pesimist>3</pesimist>
      <average>1.25</average>
      <var>6.125</var>
      <oficial>1</oficial>
      <actualTime/>
      <advance>100</advance>
      <initDate/>
      <endDate/>
    </timming>
    <externalReference>1,25</externalReference>
    <description/>
    <super>
      <reference>100-BUSQUEDA</reference>
      <id>100</id>
    </super>
  </task>
  <task>
    <id>114</id>
    <ref>114-Ordenación</ref>
    <name>Ordenación</name>
    <type/>
    <timming>
      <optimist>0.5</optimist>
      <expected>1</expected>
      <pesimist>4</pesimist>
      <average>1.4166666666666667</average>
      <var>10.125</var>
      <oficial>0</oficial>
      <actualTime/>
      <advance>90</advance>
      <initDate/>
      <endDate/>
    </timming>
    <externalReference>1,275</externalReference>
    <description/>
    <super>
      <reference>100-BUSQUEDA</reference>
      <id>100</id>
    </super>
  </task>
  <task>
    <id>115</id>
    <ref>115-Dialogo previsualización</ref>
    <name>Dialogo previsualización</name>
    <type/>
    <timming>
      <optimist>1</optimist>
      <expected>2</expected>
      <pesimist>6</pesimist>
      <average>2.5</average>
      <var>24.5</var>
      <oficial>0</oficial>
      <actualTime/>
      <advance>70</advance>
      <initDate/>
      <endDate/>
    </timming>
    <externalReference>1,75</externalReference>
    <description/>
    <super>
      <reference>100-BUSQUEDA</reference>
      <id>100</id>
    </super>
  </task>
  <task>
    <id>116</id>
    <ref>116-Siniestros Sist. Previo</ref>
    <name>Siniestros Sist. Previo</name>
    <type/>
    <timming>
      <optimist>3</optimist>
      <expected>4</expected>
      <pesimist>5</pesimist>
      <average>4</average>
      <var>32</var>
      <oficial>4</oficial>
      <actualTime/>
      <advance>100</advance>
      <initDate/>
      <endDate/>
    </timming>
    <externalReference>4</externalReference>
    <description/>
    <super>
      <reference>100-BUSQUEDA</reference>
      <id>100</id>
    </super>
  </task>
  <task>
    <id>117</id>
    <ref>117-Muestra condicional</ref>
    <name>Muestra condicional</name>
    <type/>
    <timming>
      <optimist>1</optimist>
      <expected>2</expected>
      <pesimist>3</pesimist>
      <average>2</average>
      <var>8</var>
      <oficial>2</oficial>
      <actualTime/>
      <advance>100</advance>
      <initDate/>
      <endDate/>
    </timming>
    <externalReference>2</externalReference>
    <description/>
    <super>
      <reference>100-BUSQUEDA</reference>
      <id>100</id>
    </super>
  </task>
  <task>
    <id>118</id>
    <ref>118-Link al siniestro</ref>
    <name>Link al siniestro</name>
    <type/>
    <timming>
      <optimist>0.5</optimist>
      <expected>1</expected>
      <pesimist>2</pesimist>
      <average>1.0833333333333333</average>
      <var>3.125</var>
      <oficial>1</oficial>
      <actualTime/>
      <advance>100</advance>
      <initDate/>
      <endDate/>
    </timming>
    <externalReference>1,083333333</externalReference>
    <description/>
    <super>
      <reference>100-BUSQUEDA</reference>
      <id>100</id>
    </super>
  </task>
  <task>
    <id>119</id>
    <ref>119-PU Búsqueda</ref>
    <name>PU Búsqueda</name>
    <type/>
    <timming>
      <optimist>30</optimist>
      <expected>40</expected>
      <pesimist>50</pesimist>
      <average>40</average>
      <var>3200</var>
      <oficial>40</oficial>
      <actualTime/>
      <advance>50</advance>
      <initDate/>
      <endDate/>
    </timming>
    <externalReference>20</externalReference>
    <description/>
    <super>
      <reference>100-BUSQUEDA</reference>
      <id>100</id>
    </super>
  </task>
  <task>
    <id>120</id>
    <ref>120-FIN BUSQUEDA</ref>
    <name>FIN BUSQUEDA</name>
    <type>Fin Grupo Tareas</type>
    <timming>
      <optimist>0</optimist>
      <expected>0</expected>
      <pesimist>0</pesimist>
      <average>0</average>
      <var>0</var>
      <oficial>0</oficial>
      <actualTime/>
      <advance/>
      <initDate/>
      <endDate/>
    </timming>
    <externalReference>0</externalReference>
    <description/>
    <super>
      <reference>100-BUSQUEDA</reference>
      <id>100</id>
    </super>
  </task>
  <task>
    <id>130</id>
    <ref>130-HOME SINIESTRO</ref>
    <name>HOME SINIESTRO</name>
    <type/>
    <timming>
      <optimist>0</optimist>
      <expected>0</expected>
      <pesimist>0</pesimist>
      <average>0</average>
      <var>0</var>
      <oficial>0</oficial>
      <actualTime/>
      <advance>100</advance>
      <initDate/>
      <endDate/>
    </timming>
    <externalReference>0</externalReference>
    <description/>
  </task>
  <task>
    <id>131</id>
    <ref>131-Resumen Datos Principales</ref>
    <name>Resumen Datos Principales</name>
    <type/>
    <timming>
      <optimist>1</optimist>
      <expected>1.5</expected>
      <pesimist>2</pesimist>
      <average>1.5</average>
      <var>4.5</var>
      <oficial>1</oficial>
      <actualTime/>
      <advance>100</advance>
      <initDate/>
      <endDate/>
    </timming>
    <externalReference>1,5</externalReference>
    <description/>
    <super>
      <reference>130-HOME SINIESTRO</reference>
      <id>130</id>
    </super>
  </task>
  <task>
    <id>132</id>
    <ref>132-Resumen Póliza</ref>
    <name>Resumen Póliza</name>
    <type/>
    <timming>
      <optimist>1</optimist>
      <expected>1.5</expected>
      <pesimist>2</pesimist>
      <average>1.5</average>
      <var>4.5</var>
      <oficial>1</oficial>
      <actualTime/>
      <advance>100</advance>
      <initDate/>
      <endDate/>
    </timming>
    <externalReference>1,5</externalReference>
    <description/>
    <super>
      <reference>130-HOME SINIESTRO</reference>
      <id>130</id>
    </super>
  </task>
  <task>
    <id>133</id>
    <ref>133-Resumen Asegurado</ref>
    <name>Resumen Asegurado</name>
    <type/>
    <timming>
      <optimist>1</optimist>
      <expected>1.5</expected>
      <pesimist>2</pesimist>
      <average>1.5</average>
      <var>4.5</var>
      <oficial>1</oficial>
      <actualTime/>
      <advance>100</advance>
      <initDate/>
      <endDate/>
    </timming>
    <externalReference>1,5</externalReference>
    <description/>
    <super>
      <reference>130-HOME SINIESTRO</reference>
      <id>130</id>
    </super>
  </task>
  <task>
    <id>134</id>
    <ref>134-Resumen Hechos</ref>
    <name>Resumen Hechos</name>
    <type/>
    <timming>
      <optimist>1</optimist>
      <expected>1.5</expected>
      <pesimist>2</pesimist>
      <average>1.5</average>
      <var>4.5</var>
      <oficial>1</oficial>
      <actualTime/>
      <advance>90</advance>
      <initDate/>
      <endDate/>
    </timming>
    <externalReference>1,35</externalReference>
    <description/>
    <super>
      <reference>130-HOME SINIESTRO</reference>
      <id>130</id>
    </super>
  </task>
  <task>
    <id>135</id>
    <ref>135-Resumen Causantes</ref>
    <name>Resumen Causantes</name>
    <type/>
    <timming>
      <optimist>1</optimist>
      <expected>1.5</expected>
      <pesimist>2</pesimist>
      <average>1.5</average>
      <var>4.5</var>
      <oficial>1</oficial>
      <actualTime/>
      <advance>100</advance>
      <initDate/>
      <endDate/>
    </timming>
    <externalReference>1,5</externalReference>
    <description/>
    <super>
      <reference>130-HOME SINIESTRO</reference>
      <id>130</id>
    </super>
  </task>
  <task>
    <id>136</id>
    <ref>136-Resumen Perjudicados</ref>
    <name>Resumen Perjudicados</name>
    <type/>
    <timming>
      <optimist>1</optimist>
      <expected>1.5</expected>
      <pesimist>2</pesimist>
      <average>1.5</average>
      <var>4.5</var>
      <oficial>1</oficial>
      <actualTime/>
      <advance>100</advance>
      <initDate/>
      <endDate/>
    </timming>
    <externalReference>1,5</externalReference>
    <description/>
    <super>
      <reference>130-HOME SINIESTRO</reference>
      <id>130</id>
    </super>
  </task>
  <task>
    <id>137</id>
    <ref>137-Resumen Datos Económicos</ref>
    <name>Resumen Datos Económicos</name>
    <type/>
    <timming>
      <optimist>2</optimist>
      <expected>3</expected>
      <pesimist>4</pesimist>
      <average>3</average>
      <var>18</var>
      <oficial>3</oficial>
      <actualTime/>
      <advance>90</advance>
      <initDate/>
      <endDate/>
    </timming>
    <externalReference>2,7</externalReference>
    <description/>
    <super>
      <reference>130-HOME SINIESTRO</reference>
      <id>130</id>
    </super>
  </task>
  <task>
    <id>138</id>
    <ref>138-Resumen Datos Aministrativos</ref>
    <name>Resumen Datos Aministrativos</name>
    <type/>
    <timming>
      <optimist>1</optimist>
      <expected>1.5</expected>
      <pesimist>2</pesimist>
      <average>1.5</average>
      <var>4.5</var>
      <oficial>1</oficial>
      <actualTime/>
      <advance>100</advance>
      <initDate/>
      <endDate/>
    </timming>
    <externalReference>1,5</externalReference>
    <description/>
    <super>
      <reference>130-HOME SINIESTRO</reference>
      <id>130</id>
    </super>
  </task>
  <task>
    <id>139</id>
    <ref>139-Resumen de Gestión</ref>
    <name>Resumen de Gestión</name>
    <type/>
    <timming>
      <optimist>2.5</optimist>
      <expected>3.5</expected>
      <pesimist>5</pesimist>
      <average>3.5833333333333335</average>
      <var>28.125</var>
      <oficial>3</oficial>
      <actualTime/>
      <advance>90</advance>
      <initDate/>
      <endDate/>
    </timming>
    <externalReference>3,225</externalReference>
    <description/>
    <super>
      <reference>130-HOME SINIESTRO</reference>
      <id>130</id>
    </super>
  </task>
  <task>
    <id>140</id>
    <ref>140-Resumen de Agenda y Tareas</ref>
    <name>Resumen de Agenda y Tareas</name>
    <type/>
    <timming>
      <optimist>1</optimist>
      <expected>1.5</expected>
      <pesimist>2</pesimist>
      <average>1.5</average>
      <var>4.5</var>
      <oficial>1</oficial>
      <actualTime/>
      <advance>50</advance>
      <initDate/>
      <endDate/>
    </timming>
    <externalReference>0,75</externalReference>
    <description/>
    <super>
      <reference>130-HOME SINIESTRO</reference>
      <id>130</id>
    </super>
  </task>
  <task>
    <id>141</id>
    <ref>141-Resumen de Interlocutores</ref>
    <name>Resumen de Interlocutores</name>
    <type/>
    <timming>
      <optimist>1</optimist>
      <expected>1.5</expected>
      <pesimist>2</pesimist>
      <average>1.5</average>
      <var>4.5</var>
      <oficial>1</oficial>
      <actualTime/>
      <advance>50</advance>
      <initDate/>
      <endDate/>
    </timming>
    <externalReference>0,75</externalReference>
    <description/>
    <super>
      <reference>130-HOME SINIESTRO</reference>
      <id>130</id>
    </super>
  </task>
  <task>
    <id>142</id>
    <ref>142-Resumen de Documentos</ref>
    <name>Resumen de Documentos</name>
    <type/>
    <timming>
      <optimist>1</optimist>
      <expected>1.5</expected>
      <pesimist>2</pesimist>
      <average>1.5</average>
      <var>4.5</var>
      <oficial>1</oficial>
      <actualTime/>
      <advance>50</advance>
      <initDate/>
      <endDate/>
    </timming>
    <externalReference>0,75</externalReference>
    <description/>
    <super>
      <reference>130-HOME SINIESTRO</reference>
      <id>130</id>
    </super>
  </task>
  <task>
    <id>143</id>
    <ref>143-Resumen de Comunicaciones</ref>
    <name>Resumen de Comunicaciones</name>
    <type/>
    <timming>
      <optimist>1</optimist>
      <expected>1.5</expected>
      <pesimist>2</pesimist>
      <average>1.5</average>
      <var>4.5</var>
      <oficial>1</oficial>
      <actualTime/>
      <advance>50</advance>
      <initDate/>
      <endDate/>
    </timming>
    <externalReference>0,75</externalReference>
    <description/>
    <super>
      <reference>130-HOME SINIESTRO</reference>
      <id>130</id>
    </super>
  </task>
  <task>
    <id>144</id>
    <ref>144-Acceso a Consorcio</ref>
    <name>Acceso a Consorcio</name>
    <type/>
    <timming>
      <optimist>1</optimist>
      <expected>1.5</expected>
      <pesimist>2</pesimist>
      <average>1.5</average>
      <var>4.5</var>
      <oficial>1</oficial>
      <actualTime/>
      <advance>100</advance>
      <initDate/>
      <endDate/>
    </timming>
    <externalReference>1,5</externalReference>
    <description/>
    <super>
      <reference>130-HOME SINIESTRO</reference>
      <id>130</id>
    </super>
  </task>
  <task>
    <id>145</id>
    <ref>145-Acceso a Verificación</ref>
    <name>Acceso a Verificación</name>
    <type/>
    <timming>
      <optimist>1</optimist>
      <expected>1.5</expected>
      <pesimist>2</pesimist>
      <average>1.5</average>
      <var>4.5</var>
      <oficial>1</oficial>
      <actualTime/>
      <advance>100</advance>
      <initDate/>
      <endDate/>
    </timming>
    <externalReference>1,5</externalReference>
    <description/>
    <super>
      <reference>130-HOME SINIESTRO</reference>
      <id>130</id>
    </super>
  </task>
  <task>
    <id>146</id>
    <ref>146-Acceso a Coaseguro/Reaseguro</ref>
    <name>Acceso a Coaseguro/Reaseguro</name>
    <type/>
    <timming>
      <optimist>1</optimist>
      <expected>1.5</expected>
      <pesimist>2</pesimist>
      <average>1.5</average>
      <var>4.5</var>
      <oficial>1</oficial>
      <actualTime/>
      <advance>100</advance>
      <initDate/>
      <endDate/>
    </timming>
    <externalReference>1,5</externalReference>
    <description/>
    <super>
      <reference>130-HOME SINIESTRO</reference>
      <id>130</id>
    </super>
  </task>
  <task>
    <id>148</id>
    <ref>148-PU Home del Siniestro</ref>
    <name>PU Home del Siniestro</name>
    <type/>
    <timming>
      <optimist>15</optimist>
      <expected>20</expected>
      <pesimist>30</pesimist>
      <average>20.833333333333332</average>
      <var>1012.5</var>
      <oficial>20</oficial>
      <actualTime/>
      <advance>30</advance>
      <initDate/>
      <endDate/>
    </timming>
    <externalReference>6,25</externalReference>
    <description/>
    <super>
      <reference>130-HOME SINIESTRO</reference>
      <id>130</id>
    </super>
  </task>
  <task>
    <id>149</id>
    <ref>149-FIN HOME DEL SINIESTRO</ref>
    <name>FIN HOME DEL SINIESTRO</name>
    <type>Fin Grupo Tareas</type>
    <timming>
      <optimist>0</optimist>
      <expected>0</expected>
      <pesimist>0</pesimist>
      <average>0</average>
      <var>0</var>
      <oficial>0</oficial>
      <actualTime/>
      <advance/>
      <initDate/>
      <endDate/>
    </timming>
    <externalReference>0</externalReference>
    <description/>
    <super>
      <reference>130-HOME SINIESTRO</reference>
      <id>130</id>
    </super>
  </task>
  <task>
    <id>160</id>
    <ref>160-FUNCIONALIDADES BASE</ref>
    <name>FUNCIONALIDADES BASE</name>
    <type/>
    <timming>
      <optimist>0</optimist>
      <expected>0</expected>
      <pesimist>0</pesimist>
      <average>0</average>
      <var>0</var>
      <oficial>0</oficial>
      <actualTime/>
      <advance>100</advance>
      <initDate/>
      <endDate/>
    </timming>
    <externalReference>0</externalReference>
    <description/>
  </task>
  <task>
    <id>161</id>
    <ref>161-Página de Edición</ref>
    <name>Página de Edición</name>
    <type/>
    <timming>
      <optimist>1</optimist>
      <expected>1.5</expected>
      <pesimist>2</pesimist>
      <average>1.5</average>
      <var>4.5</var>
      <oficial>1</oficial>
      <actualTime/>
      <advance>100</advance>
      <initDate/>
      <endDate/>
    </timming>
    <externalReference>1,5</externalReference>
    <description/>
    <super>
      <reference>160-FUNCIONALIDADES BASE</reference>
      <id>160</id>
    </super>
  </task>
  <task>
    <id>162</id>
    <ref>162-Menú Lateral</ref>
    <name>Menú Lateral</name>
    <type/>
    <timming>
      <optimist>7</optimist>
      <expected>10.5</expected>
      <pesimist>18</pesimist>
      <average>11.166666666666666</average>
      <var>312.5</var>
      <oficial>11</oficial>
      <actualTime/>
      <advance>100</advance>
      <initDate/>
      <endDate/>
    </timming>
    <externalReference>11,16666667</externalReference>
    <description/>
    <super>
      <reference>160-FUNCIONALIDADES BASE</reference>
      <id>160</id>
    </super>
  </task>
  <task>
    <id>163</id>
    <ref>163-Formulario Datos Personales</ref>
    <name>Formulario Datos Personales</name>
    <type/>
    <timming>
      <optimist>3</optimist>
      <expected>6</expected>
      <pesimist>10</pesimist>
      <average>6.166666666666667</average>
      <var>84.5</var>
      <oficial>6</oficial>
      <actualTime/>
      <advance>100</advance>
      <initDate/>
      <endDate/>
    </timming>
    <externalReference>6,166666667</externalReference>
    <description/>
    <super>
      <reference>160-FUNCIONALIDADES BASE</reference>
      <id>160</id>
    </super>
  </task>
  <task>
    <id>164</id>
    <ref>164-Resumen Datos Personales</ref>
    <name>Resumen Datos Personales</name>
    <type/>
    <timming>
      <optimist>1</optimist>
      <expected>1.5</expected>
      <pesimist>2</pesimist>
      <average>1.5</average>
      <var>4.5</var>
      <oficial>1</oficial>
      <actualTime/>
      <advance>100</advance>
      <initDate/>
      <endDate/>
    </timming>
    <externalReference>1,5</externalReference>
    <description/>
    <super>
      <reference>160-FUNCIONALIDADES BASE</reference>
      <id>160</id>
    </super>
  </task>
  <task>
    <id>165</id>
    <ref>165-Subformulario de Dirección</ref>
    <name>Subformulario de Dirección</name>
    <type/>
    <timming>
      <optimist>2</optimist>
      <expected>4</expected>
      <pesimist>10</pesimist>
      <average>4.666666666666667</average>
      <var>72</var>
      <oficial>4</oficial>
      <actualTime/>
      <advance>100</advance>
      <initDate/>
      <endDate/>
    </timming>
    <externalReference>4,666666667</externalReference>
    <description/>
    <super>
      <reference>160-FUNCIONALIDADES BASE</reference>
      <id>160</id>
    </super>
  </task>
  <task>
    <id>166</id>
    <ref>166-Pantalla Genérica de Representantes</ref>
    <name>Pantalla Genérica de Representantes</name>
    <type/>
    <timming>
      <optimist>2</optimist>
      <expected>5</expected>
      <pesimist>10</pesimist>
      <average>5.333333333333333</average>
      <var>72</var>
      <oficial>5</oficial>
      <actualTime/>
      <advance>100</advance>
      <initDate/>
      <endDate/>
    </timming>
    <externalReference>5,333333333</externalReference>
    <description/>
    <super>
      <reference>160-FUNCIONALIDADES BASE</reference>
      <id>160</id>
    </super>
  </task>
  <task>
    <id>167</id>
    <ref>167-Formulario Aseguradora Completo</ref>
    <name>Formulario Aseguradora Completo</name>
    <type/>
    <timming>
      <optimist>2</optimist>
      <expected>5</expected>
      <pesimist>10</pesimist>
      <average>5.333333333333333</average>
      <var>72</var>
      <oficial>5</oficial>
      <actualTime/>
      <advance>100</advance>
      <initDate/>
      <endDate/>
    </timming>
    <externalReference>5,333333333</externalReference>
    <description/>
    <super>
      <reference>160-FUNCIONALIDADES BASE</reference>
      <id>160</id>
    </super>
  </task>
  <task>
    <id>168</id>
    <ref>168-Formulario Aseguradora simple</ref>
    <name>Formulario Aseguradora simple</name>
    <type>Fin Grupo Tareas</type>
    <timming>
      <optimist>1</optimist>
      <expected>3</expected>
      <pesimist>6</pesimist>
      <average>3.1666666666666665</average>
      <var>24.5</var>
      <oficial>3</oficial>
      <actualTime/>
      <advance>100</advance>
      <initDate/>
      <endDate/>
    </timming>
    <externalReference>3,166666667</externalReference>
    <description/>
    <super>
      <reference>160-FUNCIONALIDADES BASE</reference>
      <id>160</id>
    </super>
  </task>
  <task>
    <id>169</id>
    <ref>169-Preparación Vuelta atrás</ref>
    <name>Preparación Vuelta atrás</name>
    <type/>
    <timming>
      <optimist>0.5</optimist>
      <expected>0.5</expected>
      <pesimist>6</pesimist>
      <average>1.4166666666666667</average>
      <var>21.125</var>
      <oficial>1</oficial>
      <actualTime/>
      <advance>100</advance>
      <initDate/>
      <endDate/>
    </timming>
    <externalReference>1,416666667</externalReference>
    <description/>
    <super>
      <reference>160-FUNCIONALIDADES BASE</reference>
      <id>160</id>
    </super>
  </task>
  <task>
    <id>170</id>
    <ref>170-Apertura Modo Lectura</ref>
    <name>Apertura Modo Lectura</name>
    <type/>
    <timming>
      <optimist>1</optimist>
      <expected>3</expected>
      <pesimist>5</pesimist>
      <average>3</average>
      <var>18</var>
      <oficial>3</oficial>
      <actualTime/>
      <advance>100</advance>
      <initDate/>
      <endDate/>
    </timming>
    <externalReference>3</externalReference>
    <description/>
    <super>
      <reference>160-FUNCIONALIDADES BASE</reference>
      <id>160</id>
    </super>
  </task>
  <task>
    <id>171</id>
    <ref>171-Permisos para editar</ref>
    <name>Permisos para editar</name>
    <type/>
    <timming>
      <optimist>1</optimist>
      <expected>3</expected>
      <pesimist>5</pesimist>
      <average>3</average>
      <var>18</var>
      <oficial>3</oficial>
      <actualTime/>
      <advance>100</advance>
      <initDate/>
      <endDate/>
    </timming>
    <externalReference>3</externalReference>
    <description/>
    <super>
      <reference>160-FUNCIONALIDADES BASE</reference>
      <id>160</id>
    </super>
  </task>
  <task>
    <id>172</id>
    <ref>172-Salida Mantenimiento</ref>
    <name>Salida Mantenimiento</name>
    <type/>
    <timming>
      <optimist>2</optimist>
      <expected>5</expected>
      <pesimist>7</pesimist>
      <average>4.833333333333333</average>
      <var>40.5</var>
      <oficial>4</oficial>
      <actualTime/>
      <advance>90</advance>
      <initDate/>
      <endDate/>
    </timming>
    <externalReference>4,35</externalReference>
    <description/>
    <super>
      <reference>160-FUNCIONALIDADES BASE</reference>
      <id>160</id>
    </super>
  </task>
  <task>
    <id>173</id>
    <ref>173-Consolidar al guardar</ref>
    <name>Consolidar al guardar</name>
    <type/>
    <timming>
      <optimist>0</optimist>
      <expected>0</expected>
      <pesimist>0</pesimist>
      <average>0</average>
      <var>0</var>
      <oficial>0</oficial>
      <actualTime/>
      <advance>100</advance>
      <initDate/>
      <endDate/>
    </timming>
    <externalReference>0</externalReference>
    <description/>
    <super>
      <reference>160-FUNCIONALIDADES BASE</reference>
      <id>160</id>
    </super>
  </task>
  <task>
    <id>174</id>
    <ref>174-Datos auditoría</ref>
    <name>Datos auditoría</name>
    <type/>
    <timming>
      <optimist>1</optimist>
      <expected>3</expected>
      <pesimist>5</pesimist>
      <average>3</average>
      <var>18</var>
      <oficial>3</oficial>
      <actualTime/>
      <advance>20</advance>
      <initDate/>
      <endDate/>
    </timming>
    <externalReference>0,6</externalReference>
    <description/>
    <super>
      <reference>160-FUNCIONALIDADES BASE</reference>
      <id>160</id>
    </super>
  </task>
  <task>
    <id>176</id>
    <ref>176-Dialogo Histórico</ref>
    <name>Dialogo Histórico</name>
    <type/>
    <timming>
      <optimist>0</optimist>
      <expected>0</expected>
      <pesimist>0</pesimist>
      <average>0</average>
      <var>0</var>
      <oficial>0</oficial>
      <actualTime/>
      <advance>100</advance>
      <initDate/>
      <endDate/>
    </timming>
    <externalReference>0</externalReference>
    <description/>
    <super>
      <reference>160-FUNCIONALIDADES BASE</reference>
      <id>160</id>
    </super>
  </task>
  <task>
    <id>178</id>
    <ref>178-PU Funcionalidades Base</ref>
    <name>PU Funcionalidades Base</name>
    <type/>
    <timming>
      <optimist>33</optimist>
      <expected>56</expected>
      <pesimist>70</pesimist>
      <average>54.5</average>
      <var>5304.5</var>
      <oficial>54</oficial>
      <actualTime/>
      <advance>10</advance>
      <initDate/>
      <endDate/>
    </timming>
    <externalReference>5,45</externalReference>
    <description/>
    <super>
      <reference>160-FUNCIONALIDADES BASE</reference>
      <id>160</id>
    </super>
  </task>
  <task>
    <id>179</id>
    <ref>179-FIN FUNCIONALIDADES BASE</ref>
    <name>FIN FUNCIONALIDADES BASE</name>
    <type>Fin Grupo Tareas</type>
    <timming>
      <optimist>0</optimist>
      <expected>0</expected>
      <pesimist>0</pesimist>
      <average>0</average>
      <var>0</var>
      <oficial>0</oficial>
      <actualTime/>
      <advance/>
      <initDate/>
      <endDate/>
    </timming>
    <externalReference>0</externalReference>
    <description/>
    <super>
      <reference>160-FUNCIONALIDADES BASE</reference>
      <id>160</id>
    </super>
  </task>
  <task>
    <id>190</id>
    <ref>190-POLIZA</ref>
    <name>POLIZA</name>
    <type/>
    <timming>
      <optimist>0</optimist>
      <expected>0</expected>
      <pesimist>0</pesimist>
      <average>0</average>
      <var>0</var>
      <oficial>0</oficial>
      <actualTime/>
      <advance>100</advance>
      <initDate/>
      <endDate/>
    </timming>
    <externalReference>0</externalReference>
    <description/>
  </task>
  <task>
    <id>191</id>
    <ref>191-Poliza. Pant y Datos</ref>
    <name>Poliza. Pant y Datos</name>
    <type/>
    <timming>
      <optimist>2</optimist>
      <expected>3</expected>
      <pesimist>5</pesimist>
      <average>3.1666666666666665</average>
      <var>24.5</var>
      <oficial>3</oficial>
      <actualTime/>
      <advance>100</advance>
      <initDate/>
      <endDate/>
    </timming>
    <externalReference>3,166666667</externalReference>
    <description/>
    <super>
      <reference>190-POLIZA</reference>
      <id>190</id>
    </super>
  </task>
  <task>
    <id>192</id>
    <ref>192-Poliza. Form Poliza</ref>
    <name>Poliza. Form Poliza</name>
    <type/>
    <timming>
      <optimist>2</optimist>
      <expected>3</expected>
      <pesimist>5</pesimist>
      <average>3.1666666666666665</average>
      <var>24.5</var>
      <oficial>3</oficial>
      <actualTime/>
      <advance>100</advance>
      <initDate/>
      <endDate/>
    </timming>
    <externalReference>3,166666667</externalReference>
    <description/>
    <super>
      <reference>190-POLIZA</reference>
      <id>190</id>
    </super>
  </task>
  <task>
    <id>193</id>
    <ref>193-Poliza. Acceso a Poliza</ref>
    <name>Poliza. Acceso a Poliza</name>
    <type/>
    <timming>
      <optimist>0.5</optimist>
      <expected>1</expected>
      <pesimist>2</pesimist>
      <average>1.0833333333333333</average>
      <var>3.125</var>
      <oficial>1</oficial>
      <actualTime/>
      <advance>100</advance>
      <initDate/>
      <endDate/>
    </timming>
    <externalReference>1,083333333</externalReference>
    <description/>
    <super>
      <reference>190-POLIZA</reference>
      <id>190</id>
    </super>
  </task>
  <task>
    <id>194</id>
    <ref>194-Poliza. Siniestralidad Anterior</ref>
    <name>Poliza. Siniestralidad Anterior</name>
    <type/>
    <timming>
      <optimist>1</optimist>
      <expected>3</expected>
      <pesimist>5</pesimist>
      <average>3</average>
      <var>18</var>
      <oficial>3</oficial>
      <actualTime/>
      <advance>100</advance>
      <initDate/>
      <endDate/>
    </timming>
    <externalReference>3</externalReference>
    <description/>
    <super>
      <reference>190-POLIZA</reference>
      <id>190</id>
    </super>
  </task>
  <task>
    <id>195</id>
    <ref>195-Poliza. Pantalla Últimos Siniestros</ref>
    <name>Poliza. Pantalla Últimos Siniestros</name>
    <type/>
    <timming>
      <optimist>1</optimist>
      <expected>3</expected>
      <pesimist>5</pesimist>
      <average>3</average>
      <var>18</var>
      <oficial>3</oficial>
      <actualTime/>
      <advance>90</advance>
      <initDate/>
      <endDate/>
    </timming>
    <externalReference>2,7</externalReference>
    <description/>
    <super>
      <reference>190-POLIZA</reference>
      <id>190</id>
    </super>
  </task>
  <task>
    <id>196</id>
    <ref>196-PU  Poliza</ref>
    <name>PU Poliza</name>
    <type/>
    <timming>
      <optimist>10</optimist>
      <expected>13</expected>
      <pesimist>15</pesimist>
      <average>12.833333333333334</average>
      <var>312.5</var>
      <oficial>12</oficial>
      <actualTime/>
      <advance>90</advance>
      <initDate/>
      <endDate/>
    </timming>
    <externalReference>11,55</externalReference>
    <description/>
    <super>
      <reference>190-POLIZA</reference>
      <id>190</id>
    </super>
  </task>
  <task>
    <id>197</id>
    <ref>197-FIN POLIZA</ref>
    <name>FIN POLIZA</name>
    <type>Fin Grupo Tareas</type>
    <timming>
      <optimist>0</optimist>
      <expected>0</expected>
      <pesimist>0</pesimist>
      <average>0</average>
      <var>0</var>
      <oficial>0</oficial>
      <actualTime/>
      <advance/>
      <initDate/>
      <endDate/>
    </timming>
    <externalReference>0</externalReference>
    <description/>
    <super>
      <reference>190-POLIZA</reference>
      <id>190</id>
    </super>
  </task>
  <task>
    <id>200</id>
    <ref>200-ASEGURADO</ref>
    <name>ASEGURADO</name>
    <type/>
    <timming>
      <optimist>0</optimist>
      <expected>0</expected>
      <pesimist>0</pesimist>
      <average>0</average>
      <var>0</var>
      <oficial>0</oficial>
      <actualTime/>
      <advance>100</advance>
      <initDate/>
      <endDate/>
    </timming>
    <externalReference>0</externalReference>
    <description/>
  </task>
  <task>
    <id>201</id>
    <ref>201-Aseg. Pant y Datos</ref>
    <name>Aseg. Pant y Datos</name>
    <type/>
    <timming>
      <optimist>2</optimist>
      <expected>3</expected>
      <pesimist>4</pesimist>
      <average>3</average>
      <var>18</var>
      <oficial>3</oficial>
      <actualTime/>
      <advance>100</advance>
      <initDate/>
      <endDate/>
    </timming>
    <externalReference>3</externalReference>
    <description/>
    <super>
      <reference>200-ASEGURADO</reference>
      <id>200</id>
    </super>
  </task>
  <task>
    <id>202</id>
    <ref>202-Aseg. Form Representante</ref>
    <name>Aseg. Form Representante</name>
    <type/>
    <timming>
      <optimist>2</optimist>
      <expected>3</expected>
      <pesimist>4</pesimist>
      <average>3</average>
      <var>18</var>
      <oficial>3</oficial>
      <actualTime/>
      <advance>100</advance>
      <initDate/>
      <endDate/>
    </timming>
    <externalReference>3</externalReference>
    <description/>
    <super>
      <reference>200-ASEGURADO</reference>
      <id>200</id>
    </super>
  </task>
  <task>
    <id>203</id>
    <ref>203-Aseg. Edición Representante</ref>
    <name>Aseg. Edición Representante</name>
    <type/>
    <timming>
      <optimist>2</optimist>
      <expected>4</expected>
      <pesimist>5</pesimist>
      <average>3.8333333333333335</average>
      <var>24.5</var>
      <oficial>3</oficial>
      <actualTime/>
      <advance>100</advance>
      <initDate/>
      <endDate/>
    </timming>
    <externalReference>3,833333333</externalReference>
    <description/>
    <super>
      <reference>200-ASEGURADO</reference>
      <id>200</id>
    </super>
  </task>
  <task>
    <id>204</id>
    <ref>204-Aseg. Representante Daños</ref>
    <name>Aseg. Representante Daños</name>
    <type/>
    <timming>
      <optimist>2</optimist>
      <expected>3</expected>
      <pesimist>5</pesimist>
      <average>3.1666666666666665</average>
      <var>24.5</var>
      <oficial>3</oficial>
      <actualTime/>
      <advance>100</advance>
      <initDate/>
      <endDate/>
    </timming>
    <externalReference>3,166666667</externalReference>
    <description/>
    <super>
      <reference>200-ASEGURADO</reference>
      <id>200</id>
    </super>
  </task>
  <task>
    <id>205</id>
    <ref>205-PU  Asegurado</ref>
    <name>PU Asegurado</name>
    <type/>
    <timming>
      <optimist>4</optimist>
      <expected>8</expected>
      <pesimist>12</pesimist>
      <average>8</average>
      <var>128</var>
      <oficial>8</oficial>
      <actualTime/>
      <advance>100</advance>
      <initDate/>
      <endDate/>
    </timming>
    <externalReference>8</externalReference>
    <description/>
    <super>
      <reference>200-ASEGURADO</reference>
      <id>200</id>
    </super>
  </task>
  <task>
    <id>206</id>
    <ref>206-FIN ASEGURADO</ref>
    <name>FIN ASEGURADO</name>
    <type>Fin Grupo Tareas</type>
    <timming>
      <optimist>0</optimist>
      <expected>0</expected>
      <pesimist>0</pesimist>
      <average>0</average>
      <var>0</var>
      <oficial>0</oficial>
      <actualTime/>
      <advance>100</advance>
      <initDate/>
      <endDate/>
    </timming>
    <externalReference>0</externalReference>
    <description/>
    <super>
      <reference>200-ASEGURADO</reference>
      <id>200</id>
    </super>
  </task>
  <task>
    <id>220</id>
    <ref>220-HECHOS</ref>
    <name>HECHOS</name>
    <type/>
    <timming>
      <optimist>0</optimist>
      <expected>0</expected>
      <pesimist>0</pesimist>
      <average>0</average>
      <var>0</var>
      <oficial>0</oficial>
      <actualTime/>
      <advance>100</advance>
      <initDate/>
      <endDate/>
    </timming>
    <externalReference>0</externalReference>
    <description/>
  </task>
  <task>
    <id>221</id>
    <ref>221-Hechos. Pant. y Datos</ref>
    <name>Hechos. Pant. y Datos</name>
    <type/>
    <timming>
      <optimist>3</optimist>
      <expected>5</expected>
      <pesimist>6</pesimist>
      <average>4.833333333333333</average>
      <var>40.5</var>
      <oficial>4</oficial>
      <actualTime/>
      <advance>70</advance>
      <initDate/>
      <endDate/>
    </timming>
    <externalReference>3,383333333</externalReference>
    <description/>
    <super>
      <reference>220-HECHOS</reference>
      <id>220</id>
    </super>
  </task>
  <task>
    <id>222</id>
    <ref>222-Hechos. Riesgo Afectado</ref>
    <name>Hechos. Riesgo Afectado</name>
    <type/>
    <timming>
      <optimist>3</optimist>
      <expected>5</expected>
      <pesimist>6</pesimist>
      <average>4.833333333333333</average>
      <var>40.5</var>
      <oficial>4</oficial>
      <actualTime/>
      <advance>80</advance>
      <initDate/>
      <endDate/>
    </timming>
    <externalReference>3,866666667</externalReference>
    <description/>
    <super>
      <reference>220-HECHOS</reference>
      <id>220</id>
    </super>
  </task>
  <task>
    <id>223</id>
    <ref>223-Hechos. Histórico Afectados</ref>
    <name>Hechos. Histórico Afectados</name>
    <type/>
    <timming>
      <optimist>3</optimist>
      <expected>4</expected>
      <pesimist>5</pesimist>
      <average>4</average>
      <var>32</var>
      <oficial>4</oficial>
      <actualTime/>
      <advance>50</advance>
      <initDate/>
      <endDate/>
    </timming>
    <externalReference>2</externalReference>
    <description/>
    <super>
      <reference>220-HECHOS</reference>
      <id>220</id>
    </super>
  </task>
  <task>
    <id>224</id>
    <ref>224-Hechos. Cuando</ref>
    <name>Hechos. Cuando</name>
    <type/>
    <timming>
      <optimist>3</optimist>
      <expected>5</expected>
      <pesimist>7</pesimist>
      <average>5</average>
      <var>50</var>
      <oficial>5</oficial>
      <actualTime/>
      <advance>50</advance>
      <initDate/>
      <endDate/>
    </timming>
    <externalReference>2,5</externalReference>
    <description/>
    <super>
      <reference>220-HECHOS</reference>
      <id>220</id>
    </super>
  </task>
  <task>
    <id>225</id>
    <ref>225-Hechos. Histórico Fechas</ref>
    <name>Hechos. Histórico Fechas</name>
    <type/>
    <timming>
      <optimist>3</optimist>
      <expected>4</expected>
      <pesimist>5</pesimist>
      <average>4</average>
      <var>32</var>
      <oficial>4</oficial>
      <actualTime/>
      <advance>50</advance>
      <initDate/>
      <endDate/>
    </timming>
    <externalReference>2</externalReference>
    <description/>
    <super>
      <reference>220-HECHOS</reference>
      <id>220</id>
    </super>
  </task>
  <task>
    <id>226</id>
    <ref>226-Hechos. Donde</ref>
    <name>Hechos. Donde</name>
    <type/>
    <timming>
      <optimist>2</optimist>
      <expected>3</expected>
      <pesimist>4</pesimist>
      <average>3</average>
      <var>18</var>
      <oficial>3</oficial>
      <actualTime/>
      <advance>50</advance>
      <initDate/>
      <endDate/>
    </timming>
    <externalReference>1,5</externalReference>
    <description/>
    <super>
      <reference>220-HECHOS</reference>
      <id>220</id>
    </super>
  </task>
  <task>
    <id>227</id>
    <ref>227-Hechos. Que</ref>
    <name>Hechos. Que</name>
    <type/>
    <timming>
      <optimist>3</optimist>
      <expected>5</expected>
      <pesimist>7</pesimist>
      <average>5</average>
      <var>50</var>
      <oficial>5</oficial>
      <actualTime/>
      <advance>50</advance>
      <initDate/>
      <endDate/>
    </timming>
    <externalReference>2,5</externalReference>
    <description/>
    <super>
      <reference>220-HECHOS</reference>
      <id>220</id>
    </super>
  </task>
  <task>
    <id>228</id>
    <ref>228-Hechos. Histórico Garantías</ref>
    <name>Hechos. Histórico Garantías</name>
    <type/>
    <timming>
      <optimist>3</optimist>
      <expected>4</expected>
      <pesimist>6</pesimist>
      <average>4.166666666666667</average>
      <var>40.5</var>
      <oficial>4</oficial>
      <actualTime/>
      <advance>50</advance>
      <initDate/>
      <endDate/>
    </timming>
    <externalReference>2,083333333</externalReference>
    <description/>
    <super>
      <reference>220-HECHOS</reference>
      <id>220</id>
    </super>
  </task>
  <task>
    <id>229</id>
    <ref>229-Hechos. Daños propios personales</ref>
    <name>Hechos. Daños propios personales</name>
    <type/>
    <timming>
      <optimist>2</optimist>
      <expected>3</expected>
      <pesimist>5</pesimist>
      <average>3.1666666666666665</average>
      <var>24.5</var>
      <oficial>3</oficial>
      <actualTime/>
      <advance>50</advance>
      <initDate/>
      <endDate/>
    </timming>
    <externalReference>1,583333333</externalReference>
    <description/>
    <super>
      <reference>220-HECHOS</reference>
      <id>220</id>
    </super>
  </task>
  <task>
    <id>230</id>
    <ref>230-Hechos. Resumen Interlocutores</ref>
    <name>Hechos. Resumen Interlocutores</name>
    <type/>
    <timming>
      <optimist>2</optimist>
      <expected>3</expected>
      <pesimist>5</pesimist>
      <average>3.1666666666666665</average>
      <var>24.5</var>
      <oficial>3</oficial>
      <actualTime/>
      <advance>50</advance>
      <initDate/>
      <endDate/>
    </timming>
    <externalReference>1,583333333</externalReference>
    <description/>
    <super>
      <reference>220-HECHOS</reference>
      <id>220</id>
    </super>
  </task>
  <task>
    <id>231</id>
    <ref>231-Hechos. Coberturas y límites.</ref>
    <name>Hechos. Coberturas y límites.</name>
    <type/>
    <timming>
      <optimist>2</optimist>
      <expected>3</expected>
      <pesimist>5</pesimist>
      <average>3.1666666666666665</average>
      <var>24.5</var>
      <oficial>3</oficial>
      <actualTime/>
      <advance>50</advance>
      <initDate/>
      <endDate/>
    </timming>
    <externalReference>1,583333333</externalReference>
    <description/>
    <super>
      <reference>220-HECHOS</reference>
      <id>220</id>
    </super>
  </task>
  <task>
    <id>232</id>
    <ref>232-Hechos. Ocurrencia y Daños</ref>
    <name>Hechos. Ocurrencia y Daños</name>
    <type/>
    <timming>
      <optimist>2</optimist>
      <expected>3</expected>
      <pesimist>5</pesimist>
      <average>3.1666666666666665</average>
      <var>24.5</var>
      <oficial>3</oficial>
      <actualTime/>
      <advance>50</advance>
      <initDate/>
      <endDate/>
    </timming>
    <externalReference>1,583333333</externalReference>
    <description/>
    <super>
      <reference>220-HECHOS</reference>
      <id>220</id>
    </super>
  </task>
  <task>
    <id>233</id>
    <ref>233-PU Hechos</ref>
    <name>PU Hechos</name>
    <type/>
    <timming>
      <optimist>35</optimist>
      <expected>47</expected>
      <pesimist>56</pesimist>
      <average>46.5</average>
      <var>4140.5</var>
      <oficial>46</oficial>
      <actualTime/>
      <advance/>
      <initDate/>
      <endDate/>
    </timming>
    <externalReference>0</externalReference>
    <description/>
    <super>
      <reference>220-HECHOS</reference>
      <id>220</id>
    </super>
  </task>
  <task>
    <id>234</id>
    <ref>234-FIN HECHOS</ref>
    <name>FIN HECHOS</name>
    <type>Fin Grupo Tareas</type>
    <timming>
      <optimist>0</optimist>
      <expected>0</expected>
      <pesimist>0</pesimist>
      <average>0</average>
      <var>0</var>
      <oficial>0</oficial>
      <actualTime/>
      <advance/>
      <initDate/>
      <endDate/>
    </timming>
    <externalReference>0</externalReference>
    <description/>
    <super>
      <reference>220-HECHOS</reference>
      <id>220</id>
    </super>
  </task>
  <task>
    <id>250</id>
    <ref>250-CAUSANTES</ref>
    <name>CAUSANTES</name>
    <type/>
    <timming>
      <optimist>0</optimist>
      <expected>0</expected>
      <pesimist>0</pesimist>
      <average>0</average>
      <var>0</var>
      <oficial>0</oficial>
      <actualTime/>
      <advance>100</advance>
      <initDate/>
      <endDate/>
    </timming>
    <externalReference>0</externalReference>
    <description/>
  </task>
  <task>
    <id>251</id>
    <ref>251-Tabla de Causantes</ref>
    <name>Tabla de Causantes</name>
    <type/>
    <timming>
      <optimist>4</optimist>
      <expected>5</expected>
      <pesimist>8</pesimist>
      <average>5.333333333333333</average>
      <var>72</var>
      <oficial>5</oficial>
      <actualTime/>
      <advance>80</advance>
      <initDate/>
      <endDate/>
    </timming>
    <externalReference>4,266666667</externalReference>
    <description/>
    <super>
      <reference>250-CAUSANTES</reference>
      <id>250</id>
    </super>
  </task>
  <task>
    <id>252</id>
    <ref>252-Detalle de Causante</ref>
    <name>Detalle de Causante</name>
    <type/>
    <timming>
      <optimist>1.5</optimist>
      <expected>2.5</expected>
      <pesimist>3</pesimist>
      <average>2.4166666666666665</average>
      <var>10.125</var>
      <oficial>2</oficial>
      <actualTime/>
      <advance>100</advance>
      <initDate/>
      <endDate/>
    </timming>
    <externalReference>2,416666667</externalReference>
    <description/>
    <super>
      <reference>250-CAUSANTES</reference>
      <id>250</id>
    </super>
  </task>
  <task>
    <id>253</id>
    <ref>253-Causante. Datos Personales</ref>
    <name>Causante. Datos Personales</name>
    <type/>
    <timming>
      <optimist>1</optimist>
      <expected>1.5</expected>
      <pesimist>3</pesimist>
      <average>1.6666666666666667</average>
      <var>8</var>
      <oficial>1</oficial>
      <actualTime/>
      <advance>100</advance>
      <initDate/>
      <endDate/>
    </timming>
    <externalReference>1,666666667</externalReference>
    <description/>
    <super>
      <reference>250-CAUSANTES</reference>
      <id>250</id>
    </super>
  </task>
  <task>
    <id>254</id>
    <ref>254-Causante. Responsabilidad</ref>
    <name>Causante. Responsabilidad</name>
    <type/>
    <timming>
      <optimist>2</optimist>
      <expected>3</expected>
      <pesimist>5</pesimist>
      <average>3.1666666666666665</average>
      <var>24.5</var>
      <oficial>3</oficial>
      <actualTime/>
      <advance>80</advance>
      <initDate/>
      <endDate/>
    </timming>
    <externalReference>2,533333333</externalReference>
    <description/>
    <super>
      <reference>250-CAUSANTES</reference>
      <id>250</id>
    </super>
  </task>
  <task>
    <id>255</id>
    <ref>255-Causante. Resp. Causante</ref>
    <name>Causante. Resp. Causante</name>
    <type/>
    <timming>
      <optimist>3</optimist>
      <expected>4</expected>
      <pesimist>6</pesimist>
      <average>4.166666666666667</average>
      <var>40.5</var>
      <oficial>4</oficial>
      <actualTime/>
      <advance>80</advance>
      <initDate/>
      <endDate/>
    </timming>
    <externalReference>3,333333333</externalReference>
    <description/>
    <super>
      <reference>250-CAUSANTES</reference>
      <id>250</id>
    </super>
  </task>
  <task>
    <id>256</id>
    <ref>256-Causante. Resp. Aseguradora</ref>
    <name>Causante. Resp. Aseguradora</name>
    <type/>
    <timming>
      <optimist>3.5</optimist>
      <expected>4.5</expected>
      <pesimist>6</pesimist>
      <average>4.583333333333333</average>
      <var>45.125</var>
      <oficial>4</oficial>
      <actualTime/>
      <advance>80</advance>
      <initDate/>
      <endDate/>
    </timming>
    <externalReference>3,666666667</externalReference>
    <description/>
    <super>
      <reference>250-CAUSANTES</reference>
      <id>250</id>
    </super>
  </task>
  <task>
    <id>257</id>
    <ref>257-Causante. Representante</ref>
    <name>Causante. Representante</name>
    <type/>
    <timming>
      <optimist>2.5</optimist>
      <expected>3.5</expected>
      <pesimist>6.5</pesimist>
      <average>3.8333333333333335</average>
      <var>40.5</var>
      <oficial>3</oficial>
      <actualTime/>
      <advance>80</advance>
      <initDate/>
      <endDate/>
    </timming>
    <externalReference>3,066666667</externalReference>
    <description/>
    <super>
      <reference>250-CAUSANTES</reference>
      <id>250</id>
    </super>
  </task>
  <task>
    <id>258</id>
    <ref>258-Causante. Recobro</ref>
    <name>Causante. Recobro</name>
    <type/>
    <timming>
      <optimist>1</optimist>
      <expected>2</expected>
      <pesimist>3</pesimist>
      <average>2</average>
      <var>8</var>
      <oficial>2</oficial>
      <actualTime/>
      <advance>80</advance>
      <initDate/>
      <endDate/>
    </timming>
    <externalReference>1,6</externalReference>
    <description/>
    <super>
      <reference>250-CAUSANTES</reference>
      <id>250</id>
    </super>
  </task>
  <task>
    <id>259</id>
    <ref>259-Causante. Recobro. Datos Recobro</ref>
    <name>Causante. Recobro. Datos Recobro</name>
    <type/>
    <timming>
      <optimist>1.5</optimist>
      <expected>2.5</expected>
      <pesimist>4</pesimist>
      <average>2.5833333333333335</average>
      <var>15.125</var>
      <oficial>2</oficial>
      <actualTime/>
      <advance>80</advance>
      <initDate/>
      <endDate/>
    </timming>
    <externalReference>2,066666667</externalReference>
    <description/>
    <super>
      <reference>250-CAUSANTES</reference>
      <id>250</id>
    </super>
  </task>
  <task>
    <id>260</id>
    <ref>260-Causante. Recobro. Asegurado</ref>
    <name>Causante. Recobro. Asegurado</name>
    <type/>
    <timming>
      <optimist>1</optimist>
      <expected>2</expected>
      <pesimist>3</pesimist>
      <average>2</average>
      <var>8</var>
      <oficial>2</oficial>
      <actualTime/>
      <advance>80</advance>
      <initDate/>
      <endDate/>
    </timming>
    <externalReference>1,6</externalReference>
    <description/>
    <super>
      <reference>250-CAUSANTES</reference>
      <id>250</id>
    </super>
  </task>
  <task>
    <id>261</id>
    <ref>261-Causante. Recobro. FIATC</ref>
    <name>Causante. Recobro. FIATC</name>
    <type/>
    <timming>
      <optimist>1</optimist>
      <expected>2</expected>
      <pesimist>3</pesimist>
      <average>2</average>
      <var>8</var>
      <oficial>2</oficial>
      <actualTime/>
      <advance>80</advance>
      <initDate/>
      <endDate/>
    </timming>
    <externalReference>1,6</externalReference>
    <description/>
    <super>
      <reference>250-CAUSANTES</reference>
      <id>250</id>
    </super>
  </task>
  <task>
    <id>262</id>
    <ref>262-Causante. Recobro. Rec Judicial</ref>
    <name>Causante. Recobro. Rec Judicial</name>
    <type/>
    <timming>
      <optimist>1</optimist>
      <expected>2</expected>
      <pesimist>3</pesimist>
      <average>2</average>
      <var>8</var>
      <oficial>2</oficial>
      <actualTime/>
      <advance>80</advance>
      <initDate/>
      <endDate/>
    </timming>
    <externalReference>1,6</externalReference>
    <description/>
    <super>
      <reference>250-CAUSANTES</reference>
      <id>250</id>
    </super>
  </task>
  <task>
    <id>263</id>
    <ref>263-Añadir Causante</ref>
    <name>Añadir Causante</name>
    <type/>
    <timming>
      <optimist>1</optimist>
      <expected>4</expected>
      <pesimist>7</pesimist>
      <average>4</average>
      <var>32</var>
      <oficial>0</oficial>
      <actualTime/>
      <advance>80</advance>
      <initDate/>
      <endDate/>
    </timming>
    <externalReference>3,2</externalReference>
    <description/>
    <super>
      <reference>250-CAUSANTES</reference>
      <id>250</id>
    </super>
  </task>
  <task>
    <id>264</id>
    <ref>264-PU Causante</ref>
    <name>PU Causante</name>
    <type/>
    <timming>
      <optimist>15</optimist>
      <expected>40</expected>
      <pesimist>52</pesimist>
      <average>37.833333333333336</average>
      <var>2244.5</var>
      <oficial>0</oficial>
      <actualTime/>
      <advance>35</advance>
      <initDate/>
      <endDate/>
    </timming>
    <externalReference>13,24166667</externalReference>
    <description/>
    <super>
      <reference>250-CAUSANTES</reference>
      <id>250</id>
    </super>
  </task>
  <task>
    <id>265</id>
    <ref>265-FIN CAUSANTES</ref>
    <name>FIN CAUSANTES</name>
    <type>Fin Grupo Tareas</type>
    <timming>
      <optimist>0</optimist>
      <expected>0</expected>
      <pesimist>0</pesimist>
      <average>0</average>
      <var>0</var>
      <oficial>0</oficial>
      <actualTime/>
      <advance/>
      <initDate/>
      <endDate/>
    </timming>
    <externalReference>0</externalReference>
    <description/>
    <super>
      <reference>250-CAUSANTES</reference>
      <id>250</id>
    </super>
  </task>
  <task>
    <id>270</id>
    <ref>270-PERJUDICADO</ref>
    <name>PERJUDICADO</name>
    <type/>
    <timming>
      <optimist>0</optimist>
      <expected>0</expected>
      <pesimist>0</pesimist>
      <average>0</average>
      <var>0</var>
      <oficial>0</oficial>
      <actualTime/>
      <advance>100</advance>
      <initDate/>
      <endDate/>
    </timming>
    <externalReference>0</externalReference>
    <description/>
  </task>
  <task>
    <id>271</id>
    <ref>271-Tabla de Perjudicado</ref>
    <name>Tabla de Perjudicado</name>
    <type/>
    <timming>
      <optimist>4</optimist>
      <expected>6</expected>
      <pesimist>8</pesimist>
      <average>6</average>
      <var>72</var>
      <oficial>6</oficial>
      <actualTime/>
      <advance>80</advance>
      <initDate/>
      <endDate/>
    </timming>
    <externalReference>4,8</externalReference>
    <description/>
    <super>
      <reference>270-PERJUDICADO</reference>
      <id>270</id>
    </super>
  </task>
  <task>
    <id>272</id>
    <ref>272-Detalle de Perjudicado</ref>
    <name>Detalle de Perjudicado</name>
    <type/>
    <timming>
      <optimist>3</optimist>
      <expected>4</expected>
      <pesimist>6</pesimist>
      <average>4.166666666666667</average>
      <var>40.5</var>
      <oficial>4</oficial>
      <actualTime/>
      <advance>50</advance>
      <initDate/>
      <endDate/>
    </timming>
    <externalReference>2,083333333</externalReference>
    <description/>
    <super>
      <reference>270-PERJUDICADO</reference>
      <id>270</id>
    </super>
  </task>
  <task>
    <id>273</id>
    <ref>273-Detalle Perj. Daños Materiales</ref>
    <name>Detalle Perj. Daños Materiales</name>
    <type/>
    <timming>
      <optimist>2</optimist>
      <expected>3</expected>
      <pesimist>5</pesimist>
      <average>3.1666666666666665</average>
      <var>24.5</var>
      <oficial>3</oficial>
      <actualTime/>
      <advance>60</advance>
      <initDate/>
      <endDate/>
    </timming>
    <externalReference>1,9</externalReference>
    <description/>
    <super>
      <reference>270-PERJUDICADO</reference>
      <id>270</id>
    </super>
  </task>
  <task>
    <id>274</id>
    <ref>274-Detalle Perj. Daños Mat. Rec Perj</ref>
    <name>Detalle Perj. Daños Mat. Rec Perj</name>
    <type/>
    <timming>
      <optimist>0</optimist>
      <expected>0</expected>
      <pesimist>0</pesimist>
      <average>0</average>
      <var>0</var>
      <oficial>0</oficial>
      <actualTime/>
      <advance>60</advance>
      <initDate/>
      <endDate/>
    </timming>
    <externalReference>0</externalReference>
    <description/>
    <super>
      <reference>270-PERJUDICADO</reference>
      <id>270</id>
    </super>
  </task>
  <task>
    <id>275</id>
    <ref>275-Detalle Perj. Daños Mat. Rec Aseguradora</ref>
    <name>Detalle Perj. Daños Mat. Rec Aseguradora</name>
    <type/>
    <timming>
      <optimist>3</optimist>
      <expected>4</expected>
      <pesimist>6</pesimist>
      <average>4.166666666666667</average>
      <var>40.5</var>
      <oficial>4</oficial>
      <actualTime/>
      <advance>60</advance>
      <initDate/>
      <endDate/>
    </timming>
    <externalReference>2,5</externalReference>
    <description/>
    <super>
      <reference>270-PERJUDICADO</reference>
      <id>270</id>
    </super>
  </task>
  <task>
    <id>276</id>
    <ref>276-Detalle Perj. Daños Personales. </ref>
    <name>Detalle Perj. Daños Personales.</name>
    <type/>
    <timming>
      <optimist>1</optimist>
      <expected>2</expected>
      <pesimist>3</pesimist>
      <average>2</average>
      <var>8</var>
      <oficial>2</oficial>
      <actualTime/>
      <advance>60</advance>
      <initDate/>
      <endDate/>
    </timming>
    <externalReference>1,2</externalReference>
    <description/>
    <super>
      <reference>270-PERJUDICADO</reference>
      <id>270</id>
    </super>
  </task>
  <task>
    <id>277</id>
    <ref>277-Detalle Perj. Daños Pers. Rec Perj</ref>
    <name>Detalle Perj. Daños Pers. Rec Perj</name>
    <type/>
    <timming>
      <optimist>1</optimist>
      <expected>1.5</expected>
      <pesimist>3</pesimist>
      <average>1.6666666666666667</average>
      <var>8</var>
      <oficial>1</oficial>
      <actualTime/>
      <advance>60</advance>
      <initDate/>
      <endDate/>
    </timming>
    <externalReference>1</externalReference>
    <description/>
    <super>
      <reference>270-PERJUDICADO</reference>
      <id>270</id>
    </super>
  </task>
  <task>
    <id>278</id>
    <ref>278-Detalle Perj. Daños Pers. Rec Aseguradora</ref>
    <name>Detalle Perj. Daños Pers. Rec Aseguradora</name>
    <type/>
    <timming>
      <optimist>1</optimist>
      <expected>1.5</expected>
      <pesimist>3</pesimist>
      <average>1.6666666666666667</average>
      <var>8</var>
      <oficial>1</oficial>
      <actualTime/>
      <advance>60</advance>
      <initDate/>
      <endDate/>
    </timming>
    <externalReference>1</externalReference>
    <description/>
    <super>
      <reference>270-PERJUDICADO</reference>
      <id>270</id>
    </super>
  </task>
  <task>
    <id>279</id>
    <ref>279-Detalle Perj. Daños Pers. Datos Sanitarios </ref>
    <name>Detalle Perj. Daños Pers. Datos Sanitarios</name>
    <type/>
    <timming>
      <optimist>2</optimist>
      <expected>3</expected>
      <pesimist>5</pesimist>
      <average>3.1666666666666665</average>
      <var>24.5</var>
      <oficial>3</oficial>
      <actualTime/>
      <advance>60</advance>
      <initDate/>
      <endDate/>
    </timming>
    <externalReference>1,9</externalReference>
    <description/>
    <super>
      <reference>270-PERJUDICADO</reference>
      <id>270</id>
    </super>
  </task>
  <task>
    <id>280</id>
    <ref>280-Detalle Perj. Rep</ref>
    <name>Detalle Perj. Rep</name>
    <type/>
    <timming>
      <optimist>0</optimist>
      <expected>0</expected>
      <pesimist>0</pesimist>
      <average>0</average>
      <var>0</var>
      <oficial>0</oficial>
      <actualTime/>
      <advance>60</advance>
      <initDate/>
      <endDate/>
    </timming>
    <externalReference>0</externalReference>
    <description/>
    <super>
      <reference>270-PERJUDICADO</reference>
      <id>270</id>
    </super>
  </task>
  <task>
    <id>281</id>
    <ref>281-Detalle Perj. Rep Datos</ref>
    <name>Detalle Perj. Rep Datos</name>
    <type/>
    <timming>
      <optimist>1</optimist>
      <expected>1</expected>
      <pesimist>2</pesimist>
      <average>1.1666666666666667</average>
      <var>4.5</var>
      <oficial>1</oficial>
      <actualTime/>
      <advance/>
      <initDate/>
      <endDate/>
    </timming>
    <externalReference>0</externalReference>
    <description/>
    <super>
      <reference>270-PERJUDICADO</reference>
      <id>270</id>
    </super>
  </task>
  <task>
    <id>282</id>
    <ref>282-Detalle Perj. Rep Datos. Daños Materiales</ref>
    <name>Detalle Perj. Rep Datos. Daños Materiales</name>
    <type/>
    <timming>
      <optimist>3</optimist>
      <expected>4</expected>
      <pesimist>5</pesimist>
      <average>4</average>
      <var>32</var>
      <oficial>4</oficial>
      <actualTime/>
      <advance/>
      <initDate/>
      <endDate/>
    </timming>
    <externalReference>0</externalReference>
    <description/>
    <super>
      <reference>270-PERJUDICADO</reference>
      <id>270</id>
    </super>
  </task>
  <task>
    <id>283</id>
    <ref>283-Detalle Perj. Rep Datos. Daños Personales</ref>
    <name>Detalle Perj. Rep Datos. Daños Personales</name>
    <type/>
    <timming>
      <optimist>1</optimist>
      <expected>1.5</expected>
      <pesimist>3</pesimist>
      <average>1.6666666666666667</average>
      <var>8</var>
      <oficial>1</oficial>
      <actualTime/>
      <advance/>
      <initDate/>
      <endDate/>
    </timming>
    <externalReference>0</externalReference>
    <description/>
    <super>
      <reference>270-PERJUDICADO</reference>
      <id>270</id>
    </super>
  </task>
  <task>
    <id>284</id>
    <ref>284-Gest. Rec. Perjudicados</ref>
    <name>Gest. Rec. Perjudicados</name>
    <type/>
    <timming>
      <optimist>0</optimist>
      <expected>0</expected>
      <pesimist>0</pesimist>
      <average>0</average>
      <var>0</var>
      <oficial>0</oficial>
      <actualTime/>
      <advance/>
      <initDate/>
      <endDate/>
    </timming>
    <externalReference>0</externalReference>
    <description/>
    <super>
      <reference>270-PERJUDICADO</reference>
      <id>270</id>
    </super>
  </task>
  <task>
    <id>285</id>
    <ref>285-Gest. Rec. Perjudicados. Datos pers. </ref>
    <name>Gest. Rec. Perjudicados. Datos pers.</name>
    <type/>
    <timming>
      <optimist>2</optimist>
      <expected>3</expected>
      <pesimist>4</pesimist>
      <average>3</average>
      <var>18</var>
      <oficial>3</oficial>
      <actualTime/>
      <advance/>
      <initDate/>
      <endDate/>
    </timming>
    <externalReference>0</externalReference>
    <description/>
    <super>
      <reference>270-PERJUDICADO</reference>
      <id>270</id>
    </super>
  </task>
  <task>
    <id>286</id>
    <ref>286-Gest. Rec. Perjudicados. Datos Rec.</ref>
    <name>Gest. Rec. Perjudicados. Datos Rec.</name>
    <type/>
    <timming>
      <optimist>3</optimist>
      <expected>4</expected>
      <pesimist>6</pesimist>
      <average>4.166666666666667</average>
      <var>40.5</var>
      <oficial>4</oficial>
      <actualTime/>
      <advance/>
      <initDate/>
      <endDate/>
    </timming>
    <externalReference>0</externalReference>
    <description/>
    <super>
      <reference>270-PERJUDICADO</reference>
      <id>270</id>
    </super>
  </task>
  <task>
    <id>287</id>
    <ref>287-Gest. Rec. Perjudicados. Rec Judicial.</ref>
    <name>Gest. Rec. Perjudicados. Rec Judicial.</name>
    <type/>
    <timming>
      <optimist>1</optimist>
      <expected>1.5</expected>
      <pesimist>4</pesimist>
      <average>1.8333333333333333</average>
      <var>12.5</var>
      <oficial>1</oficial>
      <actualTime/>
      <advance/>
      <initDate/>
      <endDate/>
    </timming>
    <externalReference>0</externalReference>
    <description/>
    <super>
      <reference>270-PERJUDICADO</reference>
      <id>270</id>
    </super>
  </task>
  <task>
    <id>288</id>
    <ref>288-Gest. Rec. Perjudicados. Nombre Perjudicado.</ref>
    <name>Gest. Rec. Perjudicados. Nombre Perjudicado.</name>
    <type/>
    <timming>
      <optimist>3</optimist>
      <expected>4</expected>
      <pesimist>7</pesimist>
      <average>4.333333333333333</average>
      <var>50</var>
      <oficial>4</oficial>
      <actualTime/>
      <advance/>
      <initDate/>
      <endDate/>
    </timming>
    <externalReference>0</externalReference>
    <description/>
    <super>
      <reference>270-PERJUDICADO</reference>
      <id>270</id>
    </super>
  </task>
  <task>
    <id>289</id>
    <ref>289-Gest. Rec. Perjudicados. Nombre Aseguradora.</ref>
    <name>Gest. Rec. Perjudicados. Nombre Aseguradora.</name>
    <type/>
    <timming>
      <optimist>1</optimist>
      <expected>1.5</expected>
      <pesimist>3</pesimist>
      <average>1.6666666666666667</average>
      <var>8</var>
      <oficial>1</oficial>
      <actualTime/>
      <advance/>
      <initDate/>
      <endDate/>
    </timming>
    <externalReference>0</externalReference>
    <description/>
    <super>
      <reference>270-PERJUDICADO</reference>
      <id>270</id>
    </super>
  </task>
  <task>
    <id>290</id>
    <ref>290-Gest. Rec. Replicar Daños Personales</ref>
    <name>Gest. Rec. Replicar Daños Personales</name>
    <type/>
    <timming>
      <optimist>4</optimist>
      <expected>6</expected>
      <pesimist>10</pesimist>
      <average>6.333333333333333</average>
      <var>98</var>
      <oficial>6</oficial>
      <actualTime/>
      <advance/>
      <initDate/>
      <endDate/>
    </timming>
    <externalReference>0</externalReference>
    <description/>
    <super>
      <reference>270-PERJUDICADO</reference>
      <id>270</id>
    </super>
  </task>
  <task>
    <id>291</id>
    <ref>291-Añadir Perjudicado</ref>
    <name>Añadir Perjudicado</name>
    <type/>
    <timming>
      <optimist>2</optimist>
      <expected>4</expected>
      <pesimist>5</pesimist>
      <average>3.8333333333333335</average>
      <var>24.5</var>
      <oficial>3</oficial>
      <actualTime/>
      <advance>50</advance>
      <initDate/>
      <endDate/>
    </timming>
    <externalReference>1,916666667</externalReference>
    <description/>
    <super>
      <reference>270-PERJUDICADO</reference>
      <id>270</id>
    </super>
  </task>
  <task>
    <id>292</id>
    <ref>292-PU Perjudicado</ref>
    <name>PU Perjudicado</name>
    <type/>
    <timming>
      <optimist>40</optimist>
      <expected>58</expected>
      <pesimist>62</pesimist>
      <average>55.666666666666664</average>
      <var>5202</var>
      <oficial>55</oficial>
      <actualTime/>
      <advance>20</advance>
      <initDate/>
      <endDate/>
    </timming>
    <externalReference>11,13333333</externalReference>
    <description/>
    <super>
      <reference>270-PERJUDICADO</reference>
      <id>270</id>
    </super>
  </task>
  <task>
    <id>293</id>
    <ref>293-FIN PERJUDICADO</ref>
    <name>FIN PERJUDICADO</name>
    <type>Fin Grupo Tareas</type>
    <timming>
      <optimist>0</optimist>
      <expected>0</expected>
      <pesimist>0</pesimist>
      <average>0</average>
      <var>0</var>
      <oficial>0</oficial>
      <actualTime/>
      <advance/>
      <initDate/>
      <endDate/>
    </timming>
    <externalReference>0</externalReference>
    <description/>
    <super>
      <reference>270-PERJUDICADO</reference>
      <id>270</id>
    </super>
  </task>
  <task>
    <id>310</id>
    <ref>310-EQUIPO GESTION</ref>
    <name>EQUIPO GESTION</name>
    <type/>
    <timming>
      <optimist>0</optimist>
      <expected>0</expected>
      <pesimist>0</pesimist>
      <average>0</average>
      <var>0</var>
      <oficial>0</oficial>
      <actualTime/>
      <advance>100</advance>
      <initDate/>
      <endDate/>
    </timming>
    <externalReference>0</externalReference>
    <description/>
  </task>
  <task>
    <id>311</id>
    <ref>311-Gest. Pantalla y Datos</ref>
    <name>Gest. Pantalla y Datos</name>
    <type/>
    <timming>
      <optimist>3</optimist>
      <expected>5</expected>
      <pesimist>6</pesimist>
      <average>4.833333333333333</average>
      <var>40.5</var>
      <oficial>4</oficial>
      <actualTime/>
      <advance>60</advance>
      <initDate/>
      <endDate/>
    </timming>
    <externalReference>2,9</externalReference>
    <description/>
    <super>
      <reference>310-EQUIPO GESTION</reference>
      <id>310</id>
    </super>
  </task>
  <task>
    <id>312</id>
    <ref>312-Gest. Asig. Roles FIATC</ref>
    <name>Gest. Asig. Roles FIATC</name>
    <type/>
    <timming>
      <optimist>3</optimist>
      <expected>5</expected>
      <pesimist>6</pesimist>
      <average>4.833333333333333</average>
      <var>40.5</var>
      <oficial>4</oficial>
      <actualTime/>
      <advance>60</advance>
      <initDate/>
      <endDate/>
    </timming>
    <externalReference>2,9</externalReference>
    <description/>
    <super>
      <reference>310-EQUIPO GESTION</reference>
      <id>310</id>
    </super>
  </task>
  <task>
    <id>313</id>
    <ref>313-Gest. Mediador</ref>
    <name>Gest. Mediador</name>
    <type/>
    <timming>
      <optimist>2</optimist>
      <expected>3</expected>
      <pesimist>5</pesimist>
      <average>3.1666666666666665</average>
      <var>24.5</var>
      <oficial>3</oficial>
      <actualTime/>
      <advance>60</advance>
      <initDate/>
      <endDate/>
    </timming>
    <externalReference>1,9</externalReference>
    <description/>
    <super>
      <reference>310-EQUIPO GESTION</reference>
      <id>310</id>
    </super>
  </task>
  <task>
    <id>314</id>
    <ref>314-Gest. Perito</ref>
    <name>Gest. Perito</name>
    <type/>
    <timming>
      <optimist>2</optimist>
      <expected>3</expected>
      <pesimist>5</pesimist>
      <average>3.1666666666666665</average>
      <var>24.5</var>
      <oficial>3</oficial>
      <actualTime/>
      <advance>30</advance>
      <initDate/>
      <endDate/>
    </timming>
    <externalReference>0,95</externalReference>
    <description/>
    <super>
      <reference>310-EQUIPO GESTION</reference>
      <id>310</id>
    </super>
  </task>
  <task>
    <id>315</id>
    <ref>315-Gest. Abogado</ref>
    <name>Gest. Abogado</name>
    <type/>
    <timming>
      <optimist>2</optimist>
      <expected>3</expected>
      <pesimist>5</pesimist>
      <average>3.1666666666666665</average>
      <var>24.5</var>
      <oficial>3</oficial>
      <actualTime/>
      <advance>30</advance>
      <initDate/>
      <endDate/>
    </timming>
    <externalReference>0,95</externalReference>
    <description/>
    <super>
      <reference>310-EQUIPO GESTION</reference>
      <id>310</id>
    </super>
  </task>
  <task>
    <id>316</id>
    <ref>316-Gest. Asistencia</ref>
    <name>Gest. Asistencia</name>
    <type/>
    <timming>
      <optimist>2</optimist>
      <expected>3</expected>
      <pesimist>5</pesimist>
      <average>3.1666666666666665</average>
      <var>24.5</var>
      <oficial>3</oficial>
      <actualTime/>
      <advance>30</advance>
      <initDate/>
      <endDate/>
    </timming>
    <externalReference>0,95</externalReference>
    <description/>
    <super>
      <reference>310-EQUIPO GESTION</reference>
      <id>310</id>
    </super>
  </task>
  <task>
    <id>317</id>
    <ref>317-Gest. Ref. Asistencia</ref>
    <name>Gest. Ref. Asistencia</name>
    <type/>
    <timming>
      <optimist>2</optimist>
      <expected>3</expected>
      <pesimist>5</pesimist>
      <average>3.1666666666666665</average>
      <var>24.5</var>
      <oficial>3</oficial>
      <actualTime/>
      <advance>30</advance>
      <initDate/>
      <endDate/>
    </timming>
    <externalReference>0,95</externalReference>
    <description/>
    <super>
      <reference>310-EQUIPO GESTION</reference>
      <id>310</id>
    </super>
  </task>
  <task>
    <id>318</id>
    <ref>318-PU Gestión</ref>
    <name>PU Gestión</name>
    <type/>
    <timming>
      <optimist>5</optimist>
      <expected>25</expected>
      <pesimist>30</pesimist>
      <average>22.5</average>
      <var>612.5</var>
      <oficial>22</oficial>
      <actualTime/>
      <advance>10</advance>
      <initDate/>
      <endDate/>
    </timming>
    <externalReference>2,25</externalReference>
    <description/>
    <super>
      <reference>310-EQUIPO GESTION</reference>
      <id>310</id>
    </super>
  </task>
  <task>
    <id>319</id>
    <ref>319-FIN GESTION</ref>
    <name>FIN GESTION</name>
    <type>Fin Grupo Tareas</type>
    <timming>
      <optimist>0</optimist>
      <expected>0</expected>
      <pesimist>0</pesimist>
      <average>0</average>
      <var>0</var>
      <oficial>0</oficial>
      <actualTime/>
      <advance/>
      <initDate/>
      <endDate/>
    </timming>
    <externalReference>0</externalReference>
    <description/>
    <super>
      <reference>310-EQUIPO GESTION</reference>
      <id>310</id>
    </super>
  </task>
  <task>
    <id>330</id>
    <ref>330-VERIFICACION</ref>
    <name>VERIFICACION</name>
    <type/>
    <timming>
      <optimist>0</optimist>
      <expected>0</expected>
      <pesimist>0</pesimist>
      <average>0</average>
      <var>0</var>
      <oficial>0</oficial>
      <actualTime/>
      <advance>100</advance>
      <initDate/>
      <endDate/>
    </timming>
    <externalReference>0</externalReference>
    <description/>
  </task>
  <task>
    <id>331</id>
    <ref>331-Pantalla Verificación</ref>
    <name>Pantalla Verificación</name>
    <type/>
    <timming>
      <optimist>2</optimist>
      <expected>5</expected>
      <pesimist>10</pesimist>
      <average>5.333333333333333</average>
      <var>72</var>
      <oficial>5</oficial>
      <actualTime/>
      <advance>40</advance>
      <initDate/>
      <endDate/>
    </timming>
    <externalReference>2,133333333</externalReference>
    <description/>
    <super>
      <reference>330-VERIFICACION</reference>
      <id>330</id>
    </super>
  </task>
  <task>
    <id>332</id>
    <ref>332-Intentos</ref>
    <name>Intentos</name>
    <type/>
    <timming>
      <optimist>2</optimist>
      <expected>5</expected>
      <pesimist>10</pesimist>
      <average>5.333333333333333</average>
      <var>72</var>
      <oficial>5</oficial>
      <actualTime/>
      <advance>40</advance>
      <initDate/>
      <endDate/>
    </timming>
    <externalReference>2,133333333</externalReference>
    <description/>
    <super>
      <reference>330-VERIFICACION</reference>
      <id>330</id>
    </super>
  </task>
  <task>
    <id>333</id>
    <ref>333-PU Verificación.</ref>
    <name>PU Verificación.</name>
    <type/>
    <timming>
      <optimist>2</optimist>
      <expected>4</expected>
      <pesimist>6</pesimist>
      <average>4</average>
      <var>32</var>
      <oficial>4</oficial>
      <actualTime/>
      <advance/>
      <initDate/>
      <endDate/>
    </timming>
    <externalReference>0</externalReference>
    <description/>
    <super>
      <reference>330-VERIFICACION</reference>
      <id>330</id>
    </super>
  </task>
  <task>
    <id>334</id>
    <ref>334-FIN VERIFICACION</ref>
    <name>FIN VERIFICACION</name>
    <type>Fin Grupo Tareas</type>
    <timming>
      <optimist>0</optimist>
      <expected>0</expected>
      <pesimist>0</pesimist>
      <average>0</average>
      <var>0</var>
      <oficial>0</oficial>
      <actualTime/>
      <advance/>
      <initDate/>
      <endDate/>
    </timming>
    <externalReference>0</externalReference>
    <description/>
    <super>
      <reference>330-VERIFICACION</reference>
      <id>330</id>
    </super>
  </task>
  <task>
    <id>350</id>
    <ref>350-DATOS ADMINISTRATIVOS</ref>
    <name>DATOS ADMINISTRATIVOS</name>
    <type/>
    <timming>
      <optimist>0</optimist>
      <expected>0</expected>
      <pesimist>0</pesimist>
      <average>0</average>
      <var>0</var>
      <oficial>0</oficial>
      <actualTime/>
      <advance>100</advance>
      <initDate/>
      <endDate/>
    </timming>
    <externalReference>0</externalReference>
    <description/>
  </task>
  <task>
    <id>351</id>
    <ref>351-DA. Pantalla y Datos</ref>
    <name>DA. Pantalla y Datos</name>
    <type/>
    <timming>
      <optimist>3</optimist>
      <expected>5</expected>
      <pesimist>6</pesimist>
      <average>4.833333333333333</average>
      <var>40.5</var>
      <oficial>4</oficial>
      <actualTime/>
      <advance>70</advance>
      <initDate/>
      <endDate/>
    </timming>
    <externalReference>3,383333333</externalReference>
    <description/>
    <super>
      <reference>350-DATOS ADMINISTRATIVOS</reference>
      <id>350</id>
    </super>
  </task>
  <task>
    <id>352</id>
    <ref>352-DA. Formulario de Alta</ref>
    <name>DA. Formulario de Alta</name>
    <type/>
    <timming>
      <optimist>3</optimist>
      <expected>5</expected>
      <pesimist>6</pesimist>
      <average>4.833333333333333</average>
      <var>40.5</var>
      <oficial>4</oficial>
      <actualTime/>
      <advance>70</advance>
      <initDate/>
      <endDate/>
    </timming>
    <externalReference>3,383333333</externalReference>
    <description/>
    <super>
      <reference>350-DATOS ADMINISTRATIVOS</reference>
      <id>350</id>
    </super>
  </task>
  <task>
    <id>353</id>
    <ref>353-DA. Referencias</ref>
    <name>DA. Referencias</name>
    <type/>
    <timming>
      <optimist>2</optimist>
      <expected>3</expected>
      <pesimist>5</pesimist>
      <average>3.1666666666666665</average>
      <var>24.5</var>
      <oficial>3</oficial>
      <actualTime/>
      <advance>70</advance>
      <initDate/>
      <endDate/>
    </timming>
    <externalReference>2,216666667</externalReference>
    <description/>
    <super>
      <reference>350-DATOS ADMINISTRATIVOS</reference>
      <id>350</id>
    </super>
  </task>
  <task>
    <id>354</id>
    <ref>354-DA. Formulario de Cierre</ref>
    <name>DA. Formulario de Cierre</name>
    <type/>
    <timming>
      <optimist>2</optimist>
      <expected>3</expected>
      <pesimist>5</pesimist>
      <average>3.1666666666666665</average>
      <var>24.5</var>
      <oficial>3</oficial>
      <actualTime/>
      <advance>70</advance>
      <initDate/>
      <endDate/>
    </timming>
    <externalReference>2,216666667</externalReference>
    <description/>
    <super>
      <reference>350-DATOS ADMINISTRATIVOS</reference>
      <id>350</id>
    </super>
  </task>
  <task>
    <id>355</id>
    <ref>355-DA. Formulario Previsiones</ref>
    <name>DA. Formulario Previsiones</name>
    <type/>
    <timming>
      <optimist>2</optimist>
      <expected>3</expected>
      <pesimist>5</pesimist>
      <average>3.1666666666666665</average>
      <var>24.5</var>
      <oficial>3</oficial>
      <actualTime/>
      <advance>70</advance>
      <initDate/>
      <endDate/>
    </timming>
    <externalReference>2,216666667</externalReference>
    <description/>
    <super>
      <reference>350-DATOS ADMINISTRATIVOS</reference>
      <id>350</id>
    </super>
  </task>
  <task>
    <id>356</id>
    <ref>356-DA. Req. Iniciales</ref>
    <name>DA. Req. Iniciales</name>
    <type/>
    <timming>
      <optimist>2</optimist>
      <expected>3</expected>
      <pesimist>5</pesimist>
      <average>3.1666666666666665</average>
      <var>24.5</var>
      <oficial>3</oficial>
      <actualTime/>
      <advance/>
      <initDate/>
      <endDate/>
    </timming>
    <externalReference>0</externalReference>
    <description/>
    <super>
      <reference>350-DATOS ADMINISTRATIVOS</reference>
      <id>350</id>
    </super>
  </task>
  <task>
    <id>357</id>
    <ref>357-PU. DA</ref>
    <name>PU. DA</name>
    <type/>
    <timming>
      <optimist>2</optimist>
      <expected>3</expected>
      <pesimist>5</pesimist>
      <average>3.1666666666666665</average>
      <var>24.5</var>
      <oficial>3</oficial>
      <actualTime/>
      <advance/>
      <initDate/>
      <endDate/>
    </timming>
    <externalReference>0</externalReference>
    <description/>
    <super>
      <reference>350-DATOS ADMINISTRATIVOS</reference>
      <id>350</id>
    </super>
  </task>
  <task>
    <id>358</id>
    <ref>358-FIN DA</ref>
    <name>FIN DA</name>
    <type>Fin Grupo Tareas</type>
    <timming>
      <optimist>5</optimist>
      <expected>25</expected>
      <pesimist>30</pesimist>
      <average>22.5</average>
      <var>612.5</var>
      <oficial>22</oficial>
      <actualTime/>
      <advance/>
      <initDate/>
      <endDate/>
    </timming>
    <externalReference>0</externalReference>
    <description/>
    <super>
      <reference>350-DATOS ADMINISTRATIVOS</reference>
      <id>350</id>
    </super>
  </task>
  <task>
    <id>370</id>
    <ref>370-PERMISOS</ref>
    <name>PERMISOS</name>
    <type/>
    <timming>
      <optimist>0</optimist>
      <expected>0</expected>
      <pesimist>0</pesimist>
      <average>0</average>
      <var>0</var>
      <oficial>0</oficial>
      <actualTime/>
      <advance>100</advance>
      <initDate/>
      <endDate/>
    </timming>
    <externalReference>0</externalReference>
    <description/>
  </task>
  <task>
    <id>371</id>
    <ref>371-Permisos Resultados Búsqueda </ref>
    <name>Permisos Resultados Búsqueda</name>
    <type/>
    <timming>
      <optimist>20</optimist>
      <expected>36</expected>
      <pesimist>40</pesimist>
      <average>34</average>
      <var>1800</var>
      <oficial>34</oficial>
      <actualTime/>
      <advance>15</advance>
      <initDate/>
      <endDate/>
    </timming>
    <externalReference>5,1</externalReference>
    <description/>
    <super>
      <reference>370-PERMISOS</reference>
      <id>370</id>
    </super>
  </task>
  <task>
    <id>372</id>
    <ref>372-Permisos Detalle de Siniestro </ref>
    <name>Permisos Detalle de Siniestro</name>
    <type/>
    <timming>
      <optimist>8</optimist>
      <expected>10</expected>
      <pesimist>15</pesimist>
      <average>10.5</average>
      <var>264.5</var>
      <oficial>10</oficial>
      <actualTime/>
      <advance>15</advance>
      <initDate/>
      <endDate/>
    </timming>
    <externalReference>1,575</externalReference>
    <description/>
    <super>
      <reference>370-PERMISOS</reference>
      <id>370</id>
    </super>
  </task>
  <task>
    <id>373</id>
    <ref>373-Permisos Edición Siniestro</ref>
    <name>Permisos Edición Siniestro</name>
    <type/>
    <timming>
      <optimist>2</optimist>
      <expected>4</expected>
      <pesimist>8</pesimist>
      <average>4.333333333333333</average>
      <var>50</var>
      <oficial>4</oficial>
      <actualTime/>
      <advance>15</advance>
      <initDate/>
      <endDate/>
    </timming>
    <externalReference>0,65</externalReference>
    <description/>
    <super>
      <reference>370-PERMISOS</reference>
      <id>370</id>
    </super>
  </task>
  <task>
    <id>374</id>
    <ref>374-PU Permisos</ref>
    <name>PU Permisos</name>
    <type/>
    <timming>
      <optimist>0</optimist>
      <expected>4</expected>
      <pesimist>12</pesimist>
      <average>4.666666666666667</average>
      <var>72</var>
      <oficial>4</oficial>
      <actualTime/>
      <advance/>
      <initDate/>
      <endDate/>
    </timming>
    <externalReference>0</externalReference>
    <description/>
    <super>
      <reference>370-PERMISOS</reference>
      <id>370</id>
    </super>
  </task>
  <task>
    <id>379</id>
    <ref>379-FIN PERMISOS</ref>
    <name>FIN PERMISOS</name>
    <type>Fin Grupo Tareas</type>
    <timming>
      <optimist>2</optimist>
      <expected>3</expected>
      <pesimist>6</pesimist>
      <average>3.3333333333333335</average>
      <var>32</var>
      <oficial>3</oficial>
      <actualTime/>
      <advance/>
      <initDate/>
      <endDate/>
    </timming>
    <externalReference>0</externalReference>
    <description/>
    <super>
      <reference>370-PERMISOS</reference>
      <id>370</id>
    </super>
  </task>
  <task>
    <id>390</id>
    <ref>390-PROCESOS</ref>
    <name>PROCESOS</name>
    <type/>
    <timming>
      <optimist>0</optimist>
      <expected>0</expected>
      <pesimist>0</pesimist>
      <average>0</average>
      <var>0</var>
      <oficial>0</oficial>
      <actualTime/>
      <advance>100</advance>
      <initDate/>
      <endDate/>
    </timming>
    <externalReference>0</externalReference>
    <description/>
  </task>
  <task>
    <id>391</id>
    <ref>391-Alta de Siniestro</ref>
    <name>Alta de Siniestro</name>
    <type/>
    <timming>
      <optimist>4</optimist>
      <expected>8</expected>
      <pesimist>12</pesimist>
      <average>8</average>
      <var>128</var>
      <oficial>8</oficial>
      <actualTime/>
      <advance>15</advance>
      <initDate/>
      <endDate/>
    </timming>
    <externalReference>1,2</externalReference>
    <description/>
    <super>
      <reference>390-PROCESOS</reference>
      <id>390</id>
    </super>
  </task>
  <task>
    <id>392</id>
    <ref>392-Modificar Siniestro</ref>
    <name>Modificar Siniestro</name>
    <type/>
    <timming>
      <optimist>4</optimist>
      <expected>8</expected>
      <pesimist>12</pesimist>
      <average>8</average>
      <var>128</var>
      <oficial>8</oficial>
      <actualTime/>
      <advance>15</advance>
      <initDate/>
      <endDate/>
    </timming>
    <externalReference>1,2</externalReference>
    <description/>
    <super>
      <reference>390-PROCESOS</reference>
      <id>390</id>
    </super>
  </task>
  <task>
    <id>393</id>
    <ref>393-Cierrar Siniestro </ref>
    <name>Cierrar Siniestro</name>
    <type/>
    <timming>
      <optimist>4</optimist>
      <expected>8</expected>
      <pesimist>12</pesimist>
      <average>8</average>
      <var>128</var>
      <oficial>8</oficial>
      <actualTime/>
      <advance>15</advance>
      <initDate/>
      <endDate/>
    </timming>
    <externalReference>1,2</externalReference>
    <description/>
    <super>
      <reference>390-PROCESOS</reference>
      <id>390</id>
    </super>
  </task>
  <task>
    <id>394</id>
    <ref>394-Reabrir Siniestro </ref>
    <name>Reabrir Siniestro</name>
    <type/>
    <timming>
      <optimist>4</optimist>
      <expected>8</expected>
      <pesimist>12</pesimist>
      <average>8</average>
      <var>128</var>
      <oficial>8</oficial>
      <actualTime/>
      <advance>15</advance>
      <initDate/>
      <endDate/>
    </timming>
    <externalReference>1,2</externalReference>
    <description/>
    <super>
      <reference>390-PROCESOS</reference>
      <id>390</id>
    </super>
  </task>
  <task>
    <id>395</id>
    <ref>395-Pu Procesos</ref>
    <name>Pu Procesos</name>
    <type/>
    <timming>
      <optimist>4</optimist>
      <expected>8</expected>
      <pesimist>12</pesimist>
      <average>8</average>
      <var>128</var>
      <oficial>8</oficial>
      <actualTime/>
      <advance/>
      <initDate/>
      <endDate/>
    </timming>
    <externalReference>0</externalReference>
    <description/>
    <super>
      <reference>390-PROCESOS</reference>
      <id>390</id>
    </super>
  </task>
  <task>
    <id>399</id>
    <ref>399-FIN PROCESOS</ref>
    <name>FIN PROCESOS</name>
    <type>Fin Grupo Tareas</type>
    <timming>
      <optimist>4</optimist>
      <expected>8</expected>
      <pesimist>12</pesimist>
      <average>8</average>
      <var>128</var>
      <oficial>8</oficial>
      <actualTime/>
      <advance/>
      <initDate/>
      <endDate/>
    </timming>
    <externalReference>0</externalReference>
    <description/>
    <super>
      <reference>390-PROCESOS</reference>
      <id>390</id>
    </super>
  </task>
  <task>
    <id>410</id>
    <ref>410-PRUEBAS</ref>
    <name>PRUEBAS</name>
    <type/>
    <timming>
      <optimist>0</optimist>
      <expected>4</expected>
      <pesimist>10</pesimist>
      <average>4.333333333333333</average>
      <var>50</var>
      <oficial>4</oficial>
      <actualTime/>
      <advance>100</advance>
      <initDate/>
      <endDate/>
    </timming>
    <externalReference>4,333333333</externalReference>
    <description/>
  </task>
  <task>
    <id>419</id>
    <ref>419-Revisión de Literales</ref>
    <name>Revisión de Literales</name>
    <type/>
    <timming>
      <optimist>0</optimist>
      <expected>0</expected>
      <pesimist>0</pesimist>
      <average>0</average>
      <var>0</var>
      <oficial>0</oficial>
      <actualTime/>
      <advance>100</advance>
      <initDate/>
      <endDate/>
    </timming>
    <externalReference>0</externalReference>
    <description/>
  </task>
  <task>
    <id>411</id>
    <ref>411-Pruebas Funcionales</ref>
    <name>Pruebas Funcionales</name>
    <type/>
    <timming>
      <optimist>20</optimist>
      <expected>36</expected>
      <pesimist>40</pesimist>
      <average>34</average>
      <var>1800</var>
      <oficial>34</oficial>
      <actualTime/>
      <advance>40</advance>
      <initDate/>
      <endDate/>
    </timming>
    <externalReference>13,6</externalReference>
    <description/>
    <super>
      <reference>410-PRUEBAS</reference>
      <id>410</id>
    </super>
  </task>
  <task>
    <id>412</id>
    <ref>412-BF funcionales</ref>
    <name>BF funcionales</name>
    <type/>
    <timming>
      <optimist>8</optimist>
      <expected>10</expected>
      <pesimist>15</pesimist>
      <average>10.5</average>
      <var>264.5</var>
      <oficial>10</oficial>
      <actualTime/>
      <advance>20</advance>
      <initDate/>
      <endDate/>
    </timming>
    <externalReference>2,1</externalReference>
    <description/>
    <super>
      <reference>410-PRUEBAS</reference>
      <id>410</id>
    </super>
  </task>
  <task>
    <id>413</id>
    <ref>413-Pruebas seguridad</ref>
    <name>Pruebas seguridad</name>
    <type/>
    <timming>
      <optimist>2</optimist>
      <expected>4</expected>
      <pesimist>8</pesimist>
      <average>4.333333333333333</average>
      <var>50</var>
      <oficial>4</oficial>
      <actualTime/>
      <advance/>
      <initDate/>
      <endDate/>
    </timming>
    <externalReference>0</externalReference>
    <description/>
    <super>
      <reference>410-PRUEBAS</reference>
      <id>410</id>
    </super>
  </task>
  <task>
    <id>414</id>
    <ref>414-BF Seguridad</ref>
    <name>BF Seguridad</name>
    <type/>
    <timming>
      <optimist>0</optimist>
      <expected>4</expected>
      <pesimist>12</pesimist>
      <average>4.666666666666667</average>
      <var>72</var>
      <oficial>4</oficial>
      <actualTime/>
      <advance/>
      <initDate/>
      <endDate/>
    </timming>
    <externalReference>0</externalReference>
    <description/>
    <super>
      <reference>410-PRUEBAS</reference>
      <id>410</id>
    </super>
  </task>
  <task>
    <id>415</id>
    <ref>415-Pruebas rendimiento</ref>
    <name>Pruebas rendimiento</name>
    <type/>
    <timming>
      <optimist>2</optimist>
      <expected>3</expected>
      <pesimist>6</pesimist>
      <average>3.3333333333333335</average>
      <var>32</var>
      <oficial>3</oficial>
      <actualTime/>
      <advance>30</advance>
      <initDate/>
      <endDate/>
    </timming>
    <externalReference>1</externalReference>
    <description/>
    <super>
      <reference>410-PRUEBAS</reference>
      <id>410</id>
    </super>
  </task>
  <task>
    <id>416</id>
    <ref>416-BF Rendimiento</ref>
    <name>BF Rendimiento</name>
    <type/>
    <timming>
      <optimist>2</optimist>
      <expected>6</expected>
      <pesimist>12</pesimist>
      <average>6.333333333333333</average>
      <var>98</var>
      <oficial>6</oficial>
      <actualTime/>
      <advance/>
      <initDate/>
      <endDate/>
    </timming>
    <externalReference>0</externalReference>
    <description/>
    <super>
      <reference>410-PRUEBAS</reference>
      <id>410</id>
    </super>
  </task>
  <task>
    <id>417</id>
    <ref>417-Pruebas de Integración</ref>
    <name>Pruebas de Integración</name>
    <type/>
    <timming>
      <optimist>4</optimist>
      <expected>6</expected>
      <pesimist>12</pesimist>
      <average>6.666666666666667</average>
      <var>128</var>
      <oficial>6</oficial>
      <actualTime/>
      <advance>20</advance>
      <initDate/>
      <endDate/>
    </timming>
    <externalReference>1,333333333</externalReference>
    <description/>
    <super>
      <reference>410-PRUEBAS</reference>
      <id>410</id>
    </super>
  </task>
  <task>
    <id>418</id>
    <ref>418-BF Integración</ref>
    <name>BF Integración</name>
    <type/>
    <timming>
      <optimist>0</optimist>
      <expected>4</expected>
      <pesimist>10</pesimist>
      <average>4.333333333333333</average>
      <var>50</var>
      <oficial>4</oficial>
      <actualTime/>
      <advance/>
      <initDate/>
      <endDate/>
    </timming>
    <externalReference>0</externalReference>
    <description/>
    <super>
      <reference>410-PRUEBAS</reference>
      <id>410</id>
    </super>
  </task>
  <task>
    <id>425</id>
    <ref>425-FIN PRUEBAS</ref>
    <name>FIN PRUEBAS</name>
    <type>Fin Grupo Tareas</type>
    <timming>
      <optimist>0</optimist>
      <expected>0</expected>
      <pesimist>0</pesimist>
      <average>0</average>
      <var>0</var>
      <oficial>0</oficial>
      <actualTime/>
      <advance/>
      <initDate/>
      <endDate/>
    </timming>
    <externalReference>0</externalReference>
    <description/>
    <super>
      <reference>410-PRUEBAS</reference>
      <id>410</id>
    </super>
  </task>
  <task>
    <id>440</id>
    <ref>440-ENTREGA</ref>
    <name>ENTREGA</name>
    <type/>
    <timming>
      <optimist>0</optimist>
      <expected>0</expected>
      <pesimist>0</pesimist>
      <average>0</average>
      <var>0</var>
      <oficial>0</oficial>
      <actualTime/>
      <advance/>
      <initDate/>
      <endDate/>
    </timming>
    <externalReference>0</externalReference>
    <description/>
  </task>
  <task>
    <id>441</id>
    <ref>441-Documentación Técnica</ref>
    <name>Documentación Técnica</name>
    <type/>
    <timming>
      <optimist>2</optimist>
      <expected>4</expected>
      <pesimist>8</pesimist>
      <average>4.333333333333333</average>
      <var>50</var>
      <oficial>4</oficial>
      <actualTime/>
      <advance>80</advance>
      <initDate/>
      <endDate/>
    </timming>
    <externalReference>3,466666667</externalReference>
    <description/>
    <super>
      <reference>440-ENTREGA</reference>
      <id>440</id>
    </super>
  </task>
  <task>
    <id>442</id>
    <ref>442-Doc. Dependencias</ref>
    <name>Doc. Dependencias</name>
    <type/>
    <timming>
      <optimist>2</optimist>
      <expected>4</expected>
      <pesimist>8</pesimist>
      <average>4.333333333333333</average>
      <var>50</var>
      <oficial>4</oficial>
      <actualTime/>
      <advance>90</advance>
      <initDate/>
      <endDate/>
    </timming>
    <externalReference>3,9</externalReference>
    <description/>
    <super>
      <reference>440-ENTREGA</reference>
      <id>440</id>
    </super>
  </task>
  <task>
    <id>443</id>
    <ref>443-Pruebas</ref>
    <name>Pruebas</name>
    <type/>
    <timming>
      <optimist>2</optimist>
      <expected>4</expected>
      <pesimist>8</pesimist>
      <average>4.333333333333333</average>
      <var>50</var>
      <oficial>4</oficial>
      <actualTime/>
      <advance>30</advance>
      <initDate/>
      <endDate/>
    </timming>
    <externalReference>1,3</externalReference>
    <description/>
    <super>
      <reference>440-ENTREGA</reference>
      <id>440</id>
    </super>
  </task>
  <task>
    <id>444</id>
    <ref>444-Subida a PRE</ref>
    <name>Subida a PRE</name>
    <type/>
    <timming>
      <optimist>3</optimist>
      <expected>5</expected>
      <pesimist>6</pesimist>
      <average>4.833333333333333</average>
      <var>40.5</var>
      <oficial>4</oficial>
      <actualTime/>
      <advance/>
      <initDate/>
      <endDate/>
    </timming>
    <externalReference>0</externalReference>
    <description/>
    <super>
      <reference>440-ENTREGA</reference>
      <id>440</id>
    </super>
  </task>
  <task>
    <id>445</id>
    <ref>445-Documento Diseño</ref>
    <name>Documento Diseño</name>
    <type/>
    <timming>
      <optimist>3</optimist>
      <expected>5</expected>
      <pesimist>6</pesimist>
      <average>4.833333333333333</average>
      <var>40.5</var>
      <oficial>4</oficial>
      <actualTime/>
      <advance/>
      <initDate/>
      <endDate/>
    </timming>
    <externalReference>0</externalReference>
    <description/>
    <super>
      <reference>440-ENTREGA</reference>
      <id>440</id>
    </super>
  </task>
  <task>
    <id>450</id>
    <ref>450-FIN ENTREGA</ref>
    <name>FIN ENTREGA</name>
    <type>Fin Grupo Tareas</type>
    <timming>
      <optimist>0</optimist>
      <expected>0</expected>
      <pesimist>0</pesimist>
      <average>0</average>
      <var>0</var>
      <oficial>0</oficial>
      <actualTime/>
      <advance/>
      <initDate/>
      <endDate/>
    </timming>
    <externalReference>0</externalReference>
    <description/>
    <super>
      <reference>440-ENTREGA</reference>
      <id>440</id>
    </super>
  </task>
  <task>
    <id>460</id>
    <ref>460-GESTION ENTREGA</ref>
    <name>GESTION ENTREGA</name>
    <type/>
    <timming>
      <optimist>0</optimist>
      <expected>0</expected>
      <pesimist>0</pesimist>
      <average>0</average>
      <var>0</var>
      <oficial>0</oficial>
      <actualTime/>
      <advance/>
      <initDate/>
      <endDate/>
    </timming>
    <externalReference>0</externalReference>
    <description/>
  </task>
  <task>
    <id>461</id>
    <ref>461-Puesta a disposición</ref>
    <name>Puesta a disposición</name>
    <type/>
    <timming>
      <optimist>2</optimist>
      <expected>4</expected>
      <pesimist>8</pesimist>
      <average>4.333333333333333</average>
      <var>50</var>
      <oficial>4</oficial>
      <actualTime/>
      <advance/>
      <initDate/>
      <endDate/>
    </timming>
    <externalReference>0</externalReference>
    <description/>
    <super>
      <reference>460-GESTION ENTREGA</reference>
      <id>460</id>
    </super>
  </task>
  <task>
    <id>462</id>
    <ref>462-Comunicaciones</ref>
    <name>Comunicaciones</name>
    <type/>
    <timming>
      <optimist>2</optimist>
      <expected>4</expected>
      <pesimist>8</pesimist>
      <average>4.333333333333333</average>
      <var>50</var>
      <oficial>4</oficial>
      <actualTime/>
      <advance/>
      <initDate/>
      <endDate/>
    </timming>
    <externalReference>0</externalReference>
    <description/>
    <super>
      <reference>460-GESTION ENTREGA</reference>
      <id>460</id>
    </super>
  </task>
  <task>
    <id>463</id>
    <ref>463-Firma</ref>
    <name>Firma</name>
    <type/>
    <timming>
      <optimist>2</optimist>
      <expected>4</expected>
      <pesimist>8</pesimist>
      <average>4.333333333333333</average>
      <var>50</var>
      <oficial>4</oficial>
      <actualTime/>
      <advance/>
      <initDate/>
      <endDate/>
    </timming>
    <externalReference>0</externalReference>
    <description/>
    <super>
      <reference>460-GESTION ENTREGA</reference>
      <id>460</id>
    </super>
  </task>
  <task>
    <id>470</id>
    <ref>470-FIN GESTION ENTREGA</ref>
    <name>FIN GESTION ENTREGA</name>
    <type>Fin Grupo Tareas</type>
    <timming>
      <optimist>0</optimist>
      <expected>0</expected>
      <pesimist>0</pesimist>
      <average>0</average>
      <var>0</var>
      <oficial>0</oficial>
      <actualTime/>
      <advance/>
      <initDate/>
      <endDate/>
    </timming>
    <externalReference>0</externalReference>
    <description/>
    <super>
      <reference>460-GESTION ENTREGA</reference>
      <id>460</id>
    </super>
  </task>
</task-list>
<precedents/>
<order/>
</tasks>
